This file contains any messages produced by compilers while
running configure, to aid debugging if configure makes a mistake.

It was created by transmission configure 2.73, which was
generated by GNU Autoconf 2.69.  Invocation command line was

  $ ./configure --prefix=/usr/local/ --host=mips-linux --disable-gtk --with-zlib=/home/ql_xu/develop/uClinux-dist/lib/zlib/ --with-zlib-includes=/home/ql_xu/develop/uClinux-dist/lib/zlib/ LIBS=-L/home/ql_xu/develop/uClinux-dist/lib/zlib -lz OPENSSL_CFLAGS=-I/home/ql_xu/develop/uClinux-dist/lib/libssl/include OPENSSL_LIBS=-L/home/ql_xu/develop/uClinux-dist/lib/libssl -lssl -lcrypto LIBCURL_CFLAGS=-I/home/ql_xu/develop/uClinux-dist/user/curl-7.36.0/include LIBCURL_LIBS=-L/home/ql_xu/develop/uClinux-dist/user/curl-7.36.0/lib/.libs -lcurl LIBEVENT_CFLAGS=-I/home/ql_xu/develop/uClinux-dist/lib/libevent/include LIBEVENT_LIBS=-L/home/ql_xu/develop/uClinux-dist/lib/libevent/.libs -levent

## --------- ##
## Platform. ##
## --------- ##

hostname = RTK
uname -m = i686
uname -r = 2.6.32-21-generic
uname -s = Linux
uname -v = #32-Ubuntu SMP Fri Apr 16 08:10:02 UTC 2010

/usr/bin/uname -p = unknown
/bin/uname -X     = unknown

/bin/arch              = unknown
/usr/bin/arch -k       = unknown
/usr/convex/getsysinfo = unknown
/usr/bin/hostinfo      = unknown
/bin/machine           = unknown
/usr/bin/oslevel       = unknown
/bin/universe          = unknown

PATH: ~/tools/tools
PATH: /opt/arm2009q1/bin
PATH: /usr/local/sbin
PATH: /usr/local/bin
PATH: /usr/sbin
PATH: /usr/bin
PATH: /sbin
PATH: /bin
PATH: /usr/games


## ----------- ##
## Core tests. ##
## ----------- ##

configure:2567: checking whether make supports nested variables
configure:2584: result: yes
configure:2644: checking for a BSD-compatible install
configure:2712: result: /usr/bin/install -c
configure:2723: checking whether build environment is sane
configure:2773: result: yes
configure:2822: checking for mips-linux-strip
configure:2852: result: no
configure:2862: checking for strip
configure:2878: found /usr/bin/strip
configure:2889: result: strip
configure:2914: checking for a thread-safe mkdir -p
configure:2953: result: /bin/mkdir -p
configure:2966: checking for gawk
configure:2982: found /usr/bin/gawk
configure:2993: result: gawk
configure:3004: checking whether make sets $(MAKE)
configure:3026: result: yes
configure:3101: checking how to create a pax tar archive
configure:3114: tar --version
tar (GNU tar) 1.22
Copyright (C) 2009 Free Software Foundation, Inc.
License GPLv3+: GNU GPL version 3 or later <http://gnu.org/licenses/gpl.html>.
This is free software: you are free to change and redistribute it.
There is NO WARRANTY, to the extent permitted by law.

Written by John Gilmore and Jay Fenlason.
configure:3117: $? = 0
configure:3157: tardir=conftest.dir && eval tar --format=posix -chf - "$tardir" >conftest.tar
configure:3160: $? = 0
configure:3164: tar -xf - <conftest.tar
configure:3167: $? = 0
configure:3180: result: gnutar
configure:3216: checking build system type
configure:3230: result: i686-pc-linux-gnu
configure:3250: checking host system type
configure:3263: result: mips-unknown-linux-gnu
configure:3304: checking how to print strings
configure:3331: result: printf
configure:3364: checking for style of include used by make
configure:3392: result: GNU
configure:3423: checking for mips-linux-gcc
configure:3450: result: /rsdk-4.4.7-5281-EB-2.6.30-0.9.33-m32ut-140520/bin/rsdk-linux-gcc
configure:3719: checking for C compiler version
configure:3728: /rsdk-4.4.7-5281-EB-2.6.30-0.9.33-m32ut-140520/bin/rsdk-linux-gcc --version >&5
mips-linux-xgcc (Realtek RSDK-4.4.7 Build 1471) 4.4.7
Copyright (C) 2010 Free Software Foundation, Inc.
This is free software; see the source for copying conditions.  There is NO
warranty; not even for MERCHANTABILITY or FITNESS FOR A PARTICULAR PURPOSE.

configure:3739: $? = 0
configure:3728: /rsdk-4.4.7-5281-EB-2.6.30-0.9.33-m32ut-140520/bin/rsdk-linux-gcc -v >&5
Using built-in specs.
Target: mips-linux-uclibc
Configured with: SDK Builder release 4.4
Thread model: posix
gcc version 4.4.7 (Realtek RSDK-4.4.7 Build 1471) 
configure:3739: $? = 0
configure:3728: /rsdk-4.4.7-5281-EB-2.6.30-0.9.33-m32ut-140520/bin/rsdk-linux-gcc -V >&5
mips-linux-xgcc: '-V' must come at the start of the command line
configure:3739: $? = 1
configure:3728: /rsdk-4.4.7-5281-EB-2.6.30-0.9.33-m32ut-140520/bin/rsdk-linux-gcc -qversion >&5
mips-linux-xgcc: unrecognized option '-qversion'
mips-linux-xgcc: no input files
configure:3739: $? = 1
configure:3759: checking whether the C compiler works
configure:3781: /rsdk-4.4.7-5281-EB-2.6.30-0.9.33-m32ut-140520/bin/rsdk-linux-gcc    conftest.c -L/home/ql_xu/develop/uClinux-dist/lib/zlib -lz >&5
configure:3785: $? = 0
configure:3833: result: yes
configure:3836: checking for C compiler default output file name
configure:3838: result: a.out
configure:3844: checking for suffix of executables
configure:3851: /rsdk-4.4.7-5281-EB-2.6.30-0.9.33-m32ut-140520/bin/rsdk-linux-gcc -o conftest    conftest.c -L/home/ql_xu/develop/uClinux-dist/lib/zlib -lz >&5
configure:3855: $? = 0
configure:3877: result: 
configure:3899: checking whether we are cross compiling
configure:3907: /rsdk-4.4.7-5281-EB-2.6.30-0.9.33-m32ut-140520/bin/rsdk-linux-gcc -o conftest    conftest.c -L/home/ql_xu/develop/uClinux-dist/lib/zlib -lz >&5
configure:3911: $? = 0
configure:3918: ./conftest
./configure: line 3920: ./conftest: cannot execute binary file
configure:3922: $? = 126
configure:3937: result: yes
configure:3942: checking for suffix of object files
configure:3964: /rsdk-4.4.7-5281-EB-2.6.30-0.9.33-m32ut-140520/bin/rsdk-linux-gcc -c   conftest.c >&5
configure:3968: $? = 0
configure:3989: result: o
configure:3993: checking whether we are using the GNU C compiler
configure:4012: /rsdk-4.4.7-5281-EB-2.6.30-0.9.33-m32ut-140520/bin/rsdk-linux-gcc -c   conftest.c >&5
configure:4012: $? = 0
configure:4021: result: yes
configure:4030: checking whether /rsdk-4.4.7-5281-EB-2.6.30-0.9.33-m32ut-140520/bin/rsdk-linux-gcc accepts -g
configure:4050: /rsdk-4.4.7-5281-EB-2.6.30-0.9.33-m32ut-140520/bin/rsdk-linux-gcc -c -g  conftest.c >&5
configure:4050: $? = 0
configure:4091: result: yes
configure:4108: checking for /rsdk-4.4.7-5281-EB-2.6.30-0.9.33-m32ut-140520/bin/rsdk-linux-gcc option to accept ISO C89
configure:4171: /rsdk-4.4.7-5281-EB-2.6.30-0.9.33-m32ut-140520/bin/rsdk-linux-gcc  -c -g -O2  conftest.c >&5
configure:4171: $? = 0
configure:4184: result: none needed
configure:4206: checking dependency style of /rsdk-4.4.7-5281-EB-2.6.30-0.9.33-m32ut-140520/bin/rsdk-linux-gcc
configure:4317: result: gcc3
configure:4332: checking for a sed that does not truncate output
configure:4396: result: /bin/sed
configure:4414: checking for grep that handles long lines and -e
configure:4472: result: /bin/grep
configure:4477: checking for egrep
configure:4539: result: /bin/grep -E
configure:4544: checking for fgrep
configure:4606: result: /bin/grep -F
configure:4641: checking for ld used by /rsdk-4.4.7-5281-EB-2.6.30-0.9.33-m32ut-140520/bin/rsdk-linux-gcc
configure:4708: result: /rsdk-4.4.7-5281-EB-2.6.30-0.9.33-m32ut-140520/bin/rsdk-linux-ld
configure:4715: checking if the linker (/rsdk-4.4.7-5281-EB-2.6.30-0.9.33-m32ut-140520/bin/rsdk-linux-ld) is GNU ld
configure:4730: result: yes
configure:4742: checking for BSD- or MS-compatible name lister (nm)
configure:4791: result: no
configure:4805: checking for mips-linux-dumpbin
configure:4835: result: no
configure:4805: checking for mips-linux-link
configure:4835: result: no
configure:4849: checking for dumpbin
configure:4879: result: no
configure:4849: checking for link
configure:4865: found /usr/bin/link
configure:4876: result: link -dump
configure:4892: WARNING: using cross tools not prefixed with host triplet
configure:4921: checking the name lister (nm) interface
configure:4928: /rsdk-4.4.7-5281-EB-2.6.30-0.9.33-m32ut-140520/bin/rsdk-linux-gcc -c -g -O2  conftest.c >&5
configure:4931: nm "conftest.o"
configure:4934: output
00000000 B some_variable
configure:4941: result: BSD nm
configure:4944: checking whether ln -s works
configure:4948: result: yes
configure:4956: checking the maximum length of command line arguments
configure:5086: result: 1572864
configure:5103: checking whether the shell understands some XSI constructs
configure:5113: result: yes
configure:5117: checking whether the shell understands "+="
configure:5123: result: yes
configure:5158: checking how to convert i686-pc-linux-gnu file names to mips-unknown-linux-gnu format
configure:5198: result: func_convert_file_noop
configure:5205: checking how to convert i686-pc-linux-gnu file names to toolchain format
configure:5225: result: func_convert_file_noop
configure:5232: checking for /rsdk-4.4.7-5281-EB-2.6.30-0.9.33-m32ut-140520/bin/rsdk-linux-ld option to reload object files
configure:5239: result: -r
configure:5273: checking for mips-linux-objdump
configure:5303: result: no
configure:5313: checking for objdump
configure:5329: found /usr/bin/objdump
configure:5340: result: objdump
configure:5372: checking how to recognize dependent libraries
configure:5574: result: pass_all
configure:5619: checking for mips-linux-dlltool
configure:5649: result: no
configure:5659: checking for dlltool
configure:5689: result: no
configure:5719: checking how to associate runtime and link libraries
configure:5746: result: printf %s\n
configure:5763: checking for mips-linux-ar
configure:5793: result: no
configure:5807: checking for ar
configure:5823: found /usr/bin/ar
configure:5834: result: ar
configure:5871: checking for archiver @FILE support
configure:5888: /rsdk-4.4.7-5281-EB-2.6.30-0.9.33-m32ut-140520/bin/rsdk-linux-gcc -c -g -O2  conftest.c >&5
configure:5888: $? = 0
configure:5891: ar cru libconftest.a @conftest.lst >&5
configure:5894: $? = 0
configure:5899: ar cru libconftest.a @conftest.lst >&5
ar: conftest.o: No such file or directory
configure:5902: $? = 1
configure:5914: result: @
configure:5932: checking for mips-linux-strip
configure:5959: result: strip
configure:6031: checking for mips-linux-ranlib
configure:6061: result: no
configure:6071: checking for ranlib
configure:6087: found /usr/bin/ranlib
configure:6098: result: ranlib
configure:6200: checking command to parse nm output from /rsdk-4.4.7-5281-EB-2.6.30-0.9.33-m32ut-140520/bin/rsdk-linux-gcc object
configure:6320: /rsdk-4.4.7-5281-EB-2.6.30-0.9.33-m32ut-140520/bin/rsdk-linux-gcc -c -g -O2  conftest.c >&5
configure:6323: $? = 0
configure:6327: nm conftest.o \| sed -n -e 's/^.*[ ]\([ABCDGIRSTW][ABCDGIRSTW]*\)[ ][ ]*\([_A-Za-z][_A-Za-z0-9]*\)$/\1 \2 \2/p' | sed '/ __gnu_lto/d' \> conftest.nm
configure:6330: $? = 0
configure:6396: /rsdk-4.4.7-5281-EB-2.6.30-0.9.33-m32ut-140520/bin/rsdk-linux-gcc -o conftest -g -O2   conftest.c conftstm.o >&5
configure:6399: $? = 0
configure:6437: result: ok
configure:6474: checking for sysroot
configure:6504: result: no
configure:6720: checking for mips-linux-mt
configure:6750: result: no
configure:6760: checking for mt
configure:6776: found /bin/mt
configure:6787: result: mt
configure:6810: checking if mt is a manifest tool
configure:6816: mt '-?'
mt: invalid option -- ?
configure:6824: result: no
configure:7466: checking how to run the C preprocessor
configure:7497: /rsdk-4.4.7-5281-EB-2.6.30-0.9.33-m32ut-140520/bin/rsdk-linux-gcc -E  conftest.c
configure:7497: $? = 0
configure:7511: /rsdk-4.4.7-5281-EB-2.6.30-0.9.33-m32ut-140520/bin/rsdk-linux-gcc -E  conftest.c
conftest.c:11:28: error: ac_nonexistent.h: No such file or directory
configure:7511: $? = 1
configure: failed program was:
| /* confdefs.h */
| #define PACKAGE_NAME "transmission"
| #define PACKAGE_TARNAME "transmission"
| #define PACKAGE_VERSION "2.73"
| #define PACKAGE_STRING "transmission 2.73"
| #define PACKAGE_BUGREPORT "http://trac.transmissionbt.com/newticket"
| #define PACKAGE_URL ""
| #define PACKAGE "transmission"
| #define VERSION "2.73"
| /* end confdefs.h.  */
| #include <ac_nonexistent.h>
configure:7536: result: /rsdk-4.4.7-5281-EB-2.6.30-0.9.33-m32ut-140520/bin/rsdk-linux-gcc -E
configure:7556: /rsdk-4.4.7-5281-EB-2.6.30-0.9.33-m32ut-140520/bin/rsdk-linux-gcc -E  conftest.c
configure:7556: $? = 0
configure:7570: /rsdk-4.4.7-5281-EB-2.6.30-0.9.33-m32ut-140520/bin/rsdk-linux-gcc -E  conftest.c
conftest.c:11:28: error: ac_nonexistent.h: No such file or directory
configure:7570: $? = 1
configure: failed program was:
| /* confdefs.h */
| #define PACKAGE_NAME "transmission"
| #define PACKAGE_TARNAME "transmission"
| #define PACKAGE_VERSION "2.73"
| #define PACKAGE_STRING "transmission 2.73"
| #define PACKAGE_BUGREPORT "http://trac.transmissionbt.com/newticket"
| #define PACKAGE_URL ""
| #define PACKAGE "transmission"
| #define VERSION "2.73"
| /* end confdefs.h.  */
| #include <ac_nonexistent.h>
configure:7599: checking for ANSI C header files
configure:7619: /rsdk-4.4.7-5281-EB-2.6.30-0.9.33-m32ut-140520/bin/rsdk-linux-gcc -c -g -O2  conftest.c >&5
configure:7619: $? = 0
configure:7703: result: yes
configure:7716: checking for sys/types.h
configure:7716: /rsdk-4.4.7-5281-EB-2.6.30-0.9.33-m32ut-140520/bin/rsdk-linux-gcc -c -g -O2  conftest.c >&5
configure:7716: $? = 0
configure:7716: result: yes
configure:7716: checking for sys/stat.h
configure:7716: /rsdk-4.4.7-5281-EB-2.6.30-0.9.33-m32ut-140520/bin/rsdk-linux-gcc -c -g -O2  conftest.c >&5
configure:7716: $? = 0
configure:7716: result: yes
configure:7716: checking for stdlib.h
configure:7716: /rsdk-4.4.7-5281-EB-2.6.30-0.9.33-m32ut-140520/bin/rsdk-linux-gcc -c -g -O2  conftest.c >&5
configure:7716: $? = 0
configure:7716: result: yes
configure:7716: checking for string.h
configure:7716: /rsdk-4.4.7-5281-EB-2.6.30-0.9.33-m32ut-140520/bin/rsdk-linux-gcc -c -g -O2  conftest.c >&5
configure:7716: $? = 0
configure:7716: result: yes
configure:7716: checking for memory.h
configure:7716: /rsdk-4.4.7-5281-EB-2.6.30-0.9.33-m32ut-140520/bin/rsdk-linux-gcc -c -g -O2  conftest.c >&5
configure:7716: $? = 0
configure:7716: result: yes
configure:7716: checking for strings.h
configure:7716: /rsdk-4.4.7-5281-EB-2.6.30-0.9.33-m32ut-140520/bin/rsdk-linux-gcc -c -g -O2  conftest.c >&5
configure:7716: $? = 0
configure:7716: result: yes
configure:7716: checking for inttypes.h
configure:7716: /rsdk-4.4.7-5281-EB-2.6.30-0.9.33-m32ut-140520/bin/rsdk-linux-gcc -c -g -O2  conftest.c >&5
configure:7716: $? = 0
configure:7716: result: yes
configure:7716: checking for stdint.h
configure:7716: /rsdk-4.4.7-5281-EB-2.6.30-0.9.33-m32ut-140520/bin/rsdk-linux-gcc -c -g -O2  conftest.c >&5
configure:7716: $? = 0
configure:7716: result: yes
configure:7716: checking for unistd.h
configure:7716: /rsdk-4.4.7-5281-EB-2.6.30-0.9.33-m32ut-140520/bin/rsdk-linux-gcc -c -g -O2  conftest.c >&5
configure:7716: $? = 0
configure:7716: result: yes
configure:7730: checking for dlfcn.h
configure:7730: /rsdk-4.4.7-5281-EB-2.6.30-0.9.33-m32ut-140520/bin/rsdk-linux-gcc -c -g -O2  conftest.c >&5
configure:7730: $? = 0
configure:7730: result: yes
configure:7936: checking for objdir
configure:7951: result: .libs
configure:8222: checking if /rsdk-4.4.7-5281-EB-2.6.30-0.9.33-m32ut-140520/bin/rsdk-linux-gcc supports -fno-rtti -fno-exceptions
configure:8240: /rsdk-4.4.7-5281-EB-2.6.30-0.9.33-m32ut-140520/bin/rsdk-linux-gcc -c -g -O2  -fno-rtti -fno-exceptions conftest.c >&5
cc1: warning: command line option "-fno-rtti" is valid for C++/ObjC++ but not for C
configure:8244: $? = 0
configure:8257: result: no
configure:8584: checking for /rsdk-4.4.7-5281-EB-2.6.30-0.9.33-m32ut-140520/bin/rsdk-linux-gcc option to produce PIC
configure:8591: result: -fPIC -DPIC
configure:8599: checking if /rsdk-4.4.7-5281-EB-2.6.30-0.9.33-m32ut-140520/bin/rsdk-linux-gcc PIC flag -fPIC -DPIC works
configure:8617: /rsdk-4.4.7-5281-EB-2.6.30-0.9.33-m32ut-140520/bin/rsdk-linux-gcc -c -g -O2  -fPIC -DPIC -DPIC conftest.c >&5
configure:8621: $? = 0
configure:8634: result: yes
configure:8663: checking if /rsdk-4.4.7-5281-EB-2.6.30-0.9.33-m32ut-140520/bin/rsdk-linux-gcc static flag -static works
configure:8691: result: yes
configure:8706: checking if /rsdk-4.4.7-5281-EB-2.6.30-0.9.33-m32ut-140520/bin/rsdk-linux-gcc supports -c -o file.o
configure:8727: /rsdk-4.4.7-5281-EB-2.6.30-0.9.33-m32ut-140520/bin/rsdk-linux-gcc -c -g -O2  -o out/conftest2.o conftest.c >&5
configure:8731: $? = 0
configure:8753: result: yes
configure:8761: checking if /rsdk-4.4.7-5281-EB-2.6.30-0.9.33-m32ut-140520/bin/rsdk-linux-gcc supports -c -o file.o
configure:8808: result: yes
configure:8841: checking whether the /rsdk-4.4.7-5281-EB-2.6.30-0.9.33-m32ut-140520/bin/rsdk-linux-gcc linker (/rsdk-4.4.7-5281-EB-2.6.30-0.9.33-m32ut-140520/bin/rsdk-linux-ld) supports shared libraries
configure:9998: result: yes
configure:10035: checking whether -lc should be explicitly linked in
configure:10043: /rsdk-4.4.7-5281-EB-2.6.30-0.9.33-m32ut-140520/bin/rsdk-linux-gcc -c -g -O2  conftest.c >&5
configure:10046: $? = 0
configure:10061: /rsdk-4.4.7-5281-EB-2.6.30-0.9.33-m32ut-140520/bin/rsdk-linux-gcc -shared  -fPIC -DPIC conftest.o  -v -Wl,-soname -Wl,conftest -o conftest 2\>\&1 \| /bin/grep  -lc  \>/dev/null 2\>\&1
configure:10064: $? = 0
configure:10078: result: no
configure:10238: checking dynamic linker characteristics
configure:10749: /rsdk-4.4.7-5281-EB-2.6.30-0.9.33-m32ut-140520/bin/rsdk-linux-gcc -o conftest -g -O2   -Wl,-rpath -Wl,/foo conftest.c -L/home/ql_xu/develop/uClinux-dist/lib/zlib -lz >&5
configure:10749: $? = 0
configure:10983: result: GNU/Linux ld.so
configure:11090: checking how to hardcode library paths into programs
configure:11115: result: immediate
configure:11655: checking whether stripping libraries is possible
configure:11660: result: yes
configure:11695: checking if libtool supports shared libraries
configure:11697: result: yes
configure:11700: checking whether to build shared libraries
configure:11721: result: yes
configure:11724: checking whether to build static libraries
configure:11728: result: yes
configure:11829: checking for mips-linux-gcc
configure:11856: result: /rsdk-4.4.7-5281-EB-2.6.30-0.9.33-m32ut-140520/bin/rsdk-linux-gcc
configure:12125: checking for C compiler version
configure:12134: /rsdk-4.4.7-5281-EB-2.6.30-0.9.33-m32ut-140520/bin/rsdk-linux-gcc --version >&5
mips-linux-xgcc (Realtek RSDK-4.4.7 Build 1471) 4.4.7
Copyright (C) 2010 Free Software Foundation, Inc.
This is free software; see the source for copying conditions.  There is NO
warranty; not even for MERCHANTABILITY or FITNESS FOR A PARTICULAR PURPOSE.

configure:12145: $? = 0
configure:12134: /rsdk-4.4.7-5281-EB-2.6.30-0.9.33-m32ut-140520/bin/rsdk-linux-gcc -v >&5
Using built-in specs.
Target: mips-linux-uclibc
Configured with: SDK Builder release 4.4
Thread model: posix
gcc version 4.4.7 (Realtek RSDK-4.4.7 Build 1471) 
configure:12145: $? = 0
configure:12134: /rsdk-4.4.7-5281-EB-2.6.30-0.9.33-m32ut-140520/bin/rsdk-linux-gcc -V >&5
mips-linux-xgcc: '-V' must come at the start of the command line
configure:12145: $? = 1
configure:12134: /rsdk-4.4.7-5281-EB-2.6.30-0.9.33-m32ut-140520/bin/rsdk-linux-gcc -qversion >&5
mips-linux-xgcc: unrecognized option '-qversion'
mips-linux-xgcc: no input files
configure:12145: $? = 1
configure:12149: checking whether we are using the GNU C compiler
configure:12177: result: yes
configure:12186: checking whether /rsdk-4.4.7-5281-EB-2.6.30-0.9.33-m32ut-140520/bin/rsdk-linux-gcc accepts -g
configure:12247: result: yes
configure:12264: checking for /rsdk-4.4.7-5281-EB-2.6.30-0.9.33-m32ut-140520/bin/rsdk-linux-gcc option to accept ISO C89
configure:12340: result: none needed
configure:12362: checking dependency style of /rsdk-4.4.7-5281-EB-2.6.30-0.9.33-m32ut-140520/bin/rsdk-linux-gcc
configure:12473: result: gcc3
configure:12600: checking for C++ compiler version
configure:12609: /rsdk-4.4.7-5281-EB-2.6.30-0.9.33-m32ut-140520/bin/rsdk-linux-g++ --version >&5
mips-linux-xg++ (Realtek RSDK-4.4.7 Build 1471) 4.4.7
Copyright (C) 2010 Free Software Foundation, Inc.
This is free software; see the source for copying conditions.  There is NO
warranty; not even for MERCHANTABILITY or FITNESS FOR A PARTICULAR PURPOSE.

configure:12620: $? = 0
configure:12609: /rsdk-4.4.7-5281-EB-2.6.30-0.9.33-m32ut-140520/bin/rsdk-linux-g++ -v >&5
Using built-in specs.
Target: mips-linux-uclibc
Configured with: SDK Builder release 4.4
Thread model: posix
gcc version 4.4.7 (Realtek RSDK-4.4.7 Build 1471) 
configure:12620: $? = 0
configure:12609: /rsdk-4.4.7-5281-EB-2.6.30-0.9.33-m32ut-140520/bin/rsdk-linux-g++ -V >&5
mips-linux-xg++: argument to '-V' missing

configure:12620: $? = 1
configure:12609: /rsdk-4.4.7-5281-EB-2.6.30-0.9.33-m32ut-140520/bin/rsdk-linux-g++ -qversion >&5
mips-linux-xg++: unrecognized option '-qversion'
mips-linux-xg++: no input files
configure:12620: $? = 1
configure:12624: checking whether we are using the GNU C++ compiler
configure:12643: /rsdk-4.4.7-5281-EB-2.6.30-0.9.33-m32ut-140520/bin/rsdk-linux-g++ -c   -DNDEBUG conftest.cpp >&5
configure:12643: $? = 0
configure:12652: result: yes
configure:12661: checking whether /rsdk-4.4.7-5281-EB-2.6.30-0.9.33-m32ut-140520/bin/rsdk-linux-g++ accepts -g
configure:12681: /rsdk-4.4.7-5281-EB-2.6.30-0.9.33-m32ut-140520/bin/rsdk-linux-g++ -c -g  -DNDEBUG conftest.cpp >&5
configure:12681: $? = 0
configure:12722: result: yes
configure:12747: checking dependency style of /rsdk-4.4.7-5281-EB-2.6.30-0.9.33-m32ut-140520/bin/rsdk-linux-g++
configure:12858: result: gcc3
configure:12891: checking how to run the C++ preprocessor
configure:12918: /rsdk-4.4.7-5281-EB-2.6.30-0.9.33-m32ut-140520/bin/rsdk-linux-g++ -E  -DNDEBUG conftest.cpp
configure:12918: $? = 0
configure:12932: /rsdk-4.4.7-5281-EB-2.6.30-0.9.33-m32ut-140520/bin/rsdk-linux-g++ -E  -DNDEBUG conftest.cpp
conftest.cpp:23:28: error: ac_nonexistent.h: No such file or directory
configure:12932: $? = 1
configure: failed program was:
| /* confdefs.h */
| #define PACKAGE_NAME "transmission"
| #define PACKAGE_TARNAME "transmission"
| #define PACKAGE_VERSION "2.73"
| #define PACKAGE_STRING "transmission 2.73"
| #define PACKAGE_BUGREPORT "http://trac.transmissionbt.com/newticket"
| #define PACKAGE_URL ""
| #define PACKAGE "transmission"
| #define VERSION "2.73"
| #define STDC_HEADERS 1
| #define HAVE_SYS_TYPES_H 1
| #define HAVE_SYS_STAT_H 1
| #define HAVE_STDLIB_H 1
| #define HAVE_STRING_H 1
| #define HAVE_MEMORY_H 1
| #define HAVE_STRINGS_H 1
| #define HAVE_INTTYPES_H 1
| #define HAVE_STDINT_H 1
| #define HAVE_UNISTD_H 1
| #define HAVE_DLFCN_H 1
| #define LT_OBJDIR ".libs/"
| /* end confdefs.h.  */
| #include <ac_nonexistent.h>
configure:12957: result: /rsdk-4.4.7-5281-EB-2.6.30-0.9.33-m32ut-140520/bin/rsdk-linux-g++ -E
configure:12977: /rsdk-4.4.7-5281-EB-2.6.30-0.9.33-m32ut-140520/bin/rsdk-linux-g++ -E  -DNDEBUG conftest.cpp
configure:12977: $? = 0
configure:12991: /rsdk-4.4.7-5281-EB-2.6.30-0.9.33-m32ut-140520/bin/rsdk-linux-g++ -E  -DNDEBUG conftest.cpp
conftest.cpp:23:28: error: ac_nonexistent.h: No such file or directory
configure:12991: $? = 1
configure: failed program was:
| /* confdefs.h */
| #define PACKAGE_NAME "transmission"
| #define PACKAGE_TARNAME "transmission"
| #define PACKAGE_VERSION "2.73"
| #define PACKAGE_STRING "transmission 2.73"
| #define PACKAGE_BUGREPORT "http://trac.transmissionbt.com/newticket"
| #define PACKAGE_URL ""
| #define PACKAGE "transmission"
| #define VERSION "2.73"
| #define STDC_HEADERS 1
| #define HAVE_SYS_TYPES_H 1
| #define HAVE_SYS_STAT_H 1
| #define HAVE_STDLIB_H 1
| #define HAVE_STRING_H 1
| #define HAVE_MEMORY_H 1
| #define HAVE_STRINGS_H 1
| #define HAVE_INTTYPES_H 1
| #define HAVE_STDINT_H 1
| #define HAVE_UNISTD_H 1
| #define HAVE_DLFCN_H 1
| #define LT_OBJDIR ".libs/"
| /* end confdefs.h.  */
| #include <ac_nonexistent.h>
configure:13160: checking for ld used by /rsdk-4.4.7-5281-EB-2.6.30-0.9.33-m32ut-140520/bin/rsdk-linux-g++
configure:13227: result: /rsdk-4.4.7-5281-EB-2.6.30-0.9.33-m32ut-140520/bin/rsdk-linux-ld
configure:13234: checking if the linker (/rsdk-4.4.7-5281-EB-2.6.30-0.9.33-m32ut-140520/bin/rsdk-linux-ld) is GNU ld
configure:13249: result: yes
configure:13304: checking whether the /rsdk-4.4.7-5281-EB-2.6.30-0.9.33-m32ut-140520/bin/rsdk-linux-g++ linker (/rsdk-4.4.7-5281-EB-2.6.30-0.9.33-m32ut-140520/bin/rsdk-linux-ld) supports shared libraries
configure:14309: result: yes
configure:14345: /rsdk-4.4.7-5281-EB-2.6.30-0.9.33-m32ut-140520/bin/rsdk-linux-g++ -c -g -O2  -DNDEBUG conftest.cpp >&5
configure:14348: $? = 0
configure:14868: checking for /rsdk-4.4.7-5281-EB-2.6.30-0.9.33-m32ut-140520/bin/rsdk-linux-g++ option to produce PIC
configure:14875: result: -fPIC -DPIC
configure:14883: checking if /rsdk-4.4.7-5281-EB-2.6.30-0.9.33-m32ut-140520/bin/rsdk-linux-g++ PIC flag -fPIC -DPIC works
configure:14901: /rsdk-4.4.7-5281-EB-2.6.30-0.9.33-m32ut-140520/bin/rsdk-linux-g++ -c -g -O2  -DNDEBUG -fPIC -DPIC -DPIC conftest.cpp >&5
configure:14905: $? = 0
configure:14918: result: yes
configure:14941: checking if /rsdk-4.4.7-5281-EB-2.6.30-0.9.33-m32ut-140520/bin/rsdk-linux-g++ static flag -static works
configure:14969: result: yes
configure:14981: checking if /rsdk-4.4.7-5281-EB-2.6.30-0.9.33-m32ut-140520/bin/rsdk-linux-g++ supports -c -o file.o
configure:15002: /rsdk-4.4.7-5281-EB-2.6.30-0.9.33-m32ut-140520/bin/rsdk-linux-g++ -c -g -O2  -DNDEBUG -o out/conftest2.o conftest.cpp >&5
configure:15006: $? = 0
configure:15028: result: yes
configure:15033: checking if /rsdk-4.4.7-5281-EB-2.6.30-0.9.33-m32ut-140520/bin/rsdk-linux-g++ supports -c -o file.o
configure:15080: result: yes
configure:15110: checking whether the /rsdk-4.4.7-5281-EB-2.6.30-0.9.33-m32ut-140520/bin/rsdk-linux-g++ linker (/rsdk-4.4.7-5281-EB-2.6.30-0.9.33-m32ut-140520/bin/rsdk-linux-ld) supports shared libraries
configure:15149: result: yes
configure:15290: checking dynamic linker characteristics
configure:15969: result: GNU/Linux ld.so
configure:16022: checking how to hardcode library paths into programs
configure:16047: result: immediate
configure:16089: checking for /rsdk-4.4.7-5281-EB-2.6.30-0.9.33-m32ut-140520/bin/rsdk-linux-g++
configure:16092: result: yes
configure:16135: checking for inline
configure:16151: /rsdk-4.4.7-5281-EB-2.6.30-0.9.33-m32ut-140520/bin/rsdk-linux-gcc -c -g -O2  -DNDEBUG conftest.c >&5
configure:16151: $? = 0
configure:16159: result: inline
configure:16181: checking gcc version
configure:16188: result: 4.4.7
configure:16198: checking for ANSI C header files
configure:16302: result: yes
configure:16310: checking whether time.h and sys/time.h may both be included
configure:16330: /rsdk-4.4.7-5281-EB-2.6.30-0.9.33-m32ut-140520/bin/rsdk-linux-gcc -c -g -O2 -std=gnu99 -ggdb3 -Wall -W -Wpointer-arith -Wformat-security -Wcast-align -Wundef -Wcast-align -Wstrict-prototypes -Wmissing-declarations -Wmissing-format-attribute -Wredundant-decls -Wnested-externs -Wunused-parameter -Wwrite-strings -Winline -Wfloat-equal -Wextra -Wdeclaration-after-statement -Winit-self -Wvariadic-macros  -DNDEBUG conftest.c >&5
conftest.c:30: warning: function declaration isn't a prototype
configure:16330: $? = 0
configure:16337: result: yes
configure:16348: checking stdbool.h usability
configure:16348: /rsdk-4.4.7-5281-EB-2.6.30-0.9.33-m32ut-140520/bin/rsdk-linux-gcc -c -g -O2 -std=gnu99 -ggdb3 -Wall -W -Wpointer-arith -Wformat-security -Wcast-align -Wundef -Wcast-align -Wstrict-prototypes -Wmissing-declarations -Wmissing-format-attribute -Wredundant-decls -Wnested-externs -Wunused-parameter -Wwrite-strings -Winline -Wfloat-equal -Wextra -Wdeclaration-after-statement -Winit-self -Wvariadic-macros  -DNDEBUG conftest.c >&5
configure:16348: $? = 0
configure:16348: result: yes
configure:16348: checking stdbool.h presence
configure:16348: /rsdk-4.4.7-5281-EB-2.6.30-0.9.33-m32ut-140520/bin/rsdk-linux-gcc -E  -DNDEBUG conftest.c
configure:16348: $? = 0
configure:16348: result: yes
configure:16348: checking for stdbool.h
configure:16348: result: yes
configure:16361: checking for iconv_open
configure:16361: /rsdk-4.4.7-5281-EB-2.6.30-0.9.33-m32ut-140520/bin/rsdk-linux-gcc -o conftest -g -O2 -std=gnu99 -ggdb3 -Wall -W -Wpointer-arith -Wformat-security -Wcast-align -Wundef -Wcast-align -Wstrict-prototypes -Wmissing-declarations -Wmissing-format-attribute -Wredundant-decls -Wnested-externs -Wunused-parameter -Wwrite-strings -Winline -Wfloat-equal -Wextra -Wdeclaration-after-statement -Winit-self -Wvariadic-macros  -DNDEBUG  conftest.c -L/home/ql_xu/develop/uClinux-dist/lib/zlib -lz >&5
conftest.c:49: warning: function declaration isn't a prototype
conftest.c:59: warning: function declaration isn't a prototype
configure:16361: $? = 0
configure:16361: result: yes
configure:16361: checking for pread
configure:16361: /rsdk-4.4.7-5281-EB-2.6.30-0.9.33-m32ut-140520/bin/rsdk-linux-gcc -o conftest -g -O2 -std=gnu99 -ggdb3 -Wall -W -Wpointer-arith -Wformat-security -Wcast-align -Wundef -Wcast-align -Wstrict-prototypes -Wmissing-declarations -Wmissing-format-attribute -Wredundant-decls -Wnested-externs -Wunused-parameter -Wwrite-strings -Winline -Wfloat-equal -Wextra -Wdeclaration-after-statement -Winit-self -Wvariadic-macros  -DNDEBUG  conftest.c -L/home/ql_xu/develop/uClinux-dist/lib/zlib -lz >&5
conftest.c:50: warning: function declaration isn't a prototype
conftest.c:60: warning: function declaration isn't a prototype
configure:16361: $? = 0
configure:16361: result: yes
configure:16361: checking for pwrite
configure:16361: /rsdk-4.4.7-5281-EB-2.6.30-0.9.33-m32ut-140520/bin/rsdk-linux-gcc -o conftest -g -O2 -std=gnu99 -ggdb3 -Wall -W -Wpointer-arith -Wformat-security -Wcast-align -Wundef -Wcast-align -Wstrict-prototypes -Wmissing-declarations -Wmissing-format-attribute -Wredundant-decls -Wnested-externs -Wunused-parameter -Wwrite-strings -Winline -Wfloat-equal -Wextra -Wdeclaration-after-statement -Winit-self -Wvariadic-macros  -DNDEBUG  conftest.c -L/home/ql_xu/develop/uClinux-dist/lib/zlib -lz >&5
conftest.c:51: warning: function declaration isn't a prototype
conftest.c:61: warning: function declaration isn't a prototype
configure:16361: $? = 0
configure:16361: result: yes
configure:16361: checking for lrintf
configure:16361: /rsdk-4.4.7-5281-EB-2.6.30-0.9.33-m32ut-140520/bin/rsdk-linux-gcc -o conftest -g -O2 -std=gnu99 -ggdb3 -Wall -W -Wpointer-arith -Wformat-security -Wcast-align -Wundef -Wcast-align -Wstrict-prototypes -Wmissing-declarations -Wmissing-format-attribute -Wredundant-decls -Wnested-externs -Wunused-parameter -Wwrite-strings -Winline -Wfloat-equal -Wextra -Wdeclaration-after-statement -Winit-self -Wvariadic-macros  -DNDEBUG  conftest.c -L/home/ql_xu/develop/uClinux-dist/lib/zlib -lz >&5
conftest.c:52: warning: function declaration isn't a prototype
conftest.c:52: warning: conflicting types for built-in function 'lrintf'
conftest.c:62: warning: function declaration isn't a prototype
/tmp/cc4ZnaWA.o: In function `main':
/home/ql_xu/develop/uClinux-dist/user/transmission-2.73/conftest.c:63: undefined reference to `lrintf'
collect2: ld returned 1 exit status
configure:16361: $? = 1
configure: failed program was:
| /* confdefs.h */
| #define PACKAGE_NAME "transmission"
| #define PACKAGE_TARNAME "transmission"
| #define PACKAGE_VERSION "2.73"
| #define PACKAGE_STRING "transmission 2.73"
| #define PACKAGE_BUGREPORT "http://trac.transmissionbt.com/newticket"
| #define PACKAGE_URL ""
| #define PACKAGE "transmission"
| #define VERSION "2.73"
| #define STDC_HEADERS 1
| #define HAVE_SYS_TYPES_H 1
| #define HAVE_SYS_STAT_H 1
| #define HAVE_STDLIB_H 1
| #define HAVE_STRING_H 1
| #define HAVE_MEMORY_H 1
| #define HAVE_STRINGS_H 1
| #define HAVE_INTTYPES_H 1
| #define HAVE_STDINT_H 1
| #define HAVE_UNISTD_H 1
| #define HAVE_DLFCN_H 1
| #define LT_OBJDIR ".libs/"
| #define STDC_HEADERS 1
| #define TIME_WITH_SYS_TIME 1
| #define HAVE_STDBOOL_H 1
| #define HAVE_ICONV_OPEN 1
| #define HAVE_PREAD 1
| #define HAVE_PWRITE 1
| /* end confdefs.h.  */
| /* Define lrintf to an innocuous variant, in case <limits.h> declares lrintf.
|    For example, HP-UX 11i <limits.h> declares gettimeofday.  */
| #define lrintf innocuous_lrintf
| 
| /* System header to define __stub macros and hopefully few prototypes,
|     which can conflict with char lrintf (); below.
|     Prefer <limits.h> to <assert.h> if __STDC__ is defined, since
|     <limits.h> exists even on freestanding compilers.  */
| 
| #ifdef __STDC__
| # include <limits.h>
| #else
| # include <assert.h>
| #endif
| 
| #undef lrintf
| 
| /* Override any GCC internal prototype to avoid an error.
|    Use char because int might match the return type of a GCC
|    builtin and then its argument prototype would still apply.  */
| #ifdef __cplusplus
| extern "C"
| #endif
| char lrintf ();
| /* The GNU C library defines this for functions which it implements
|     to always fail with ENOSYS.  Some functions are actually named
|     something starting with __ and the normal name is an alias.  */
| #if defined __stub_lrintf || defined __stub___lrintf
| choke me
| #endif
| 
| int
| main ()
| {
| return lrintf ();
|   ;
|   return 0;
| }
configure:16361: result: no
configure:16361: checking for strlcpy
configure:16361: /rsdk-4.4.7-5281-EB-2.6.30-0.9.33-m32ut-140520/bin/rsdk-linux-gcc -o conftest -g -O2 -std=gnu99 -ggdb3 -Wall -W -Wpointer-arith -Wformat-security -Wcast-align -Wundef -Wcast-align -Wstrict-prototypes -Wmissing-declarations -Wmissing-format-attribute -Wredundant-decls -Wnested-externs -Wunused-parameter -Wwrite-strings -Winline -Wfloat-equal -Wextra -Wdeclaration-after-statement -Winit-self -Wvariadic-macros  -DNDEBUG  conftest.c -L/home/ql_xu/develop/uClinux-dist/lib/zlib -lz >&5
conftest.c:52: warning: function declaration isn't a prototype
conftest.c:62: warning: function declaration isn't a prototype
configure:16361: $? = 0
configure:16361: result: yes
configure:16361: checking for daemon
configure:16361: /rsdk-4.4.7-5281-EB-2.6.30-0.9.33-m32ut-140520/bin/rsdk-linux-gcc -o conftest -g -O2 -std=gnu99 -ggdb3 -Wall -W -Wpointer-arith -Wformat-security -Wcast-align -Wundef -Wcast-align -Wstrict-prototypes -Wmissing-declarations -Wmissing-format-attribute -Wredundant-decls -Wnested-externs -Wunused-parameter -Wwrite-strings -Winline -Wfloat-equal -Wextra -Wdeclaration-after-statement -Winit-self -Wvariadic-macros  -DNDEBUG  conftest.c -L/home/ql_xu/develop/uClinux-dist/lib/zlib -lz >&5
conftest.c:53: warning: function declaration isn't a prototype
conftest.c:63: warning: function declaration isn't a prototype
configure:16361: $? = 0
configure:16361: result: yes
configure:16361: checking for dirname
configure:16361: /rsdk-4.4.7-5281-EB-2.6.30-0.9.33-m32ut-140520/bin/rsdk-linux-gcc -o conftest -g -O2 -std=gnu99 -ggdb3 -Wall -W -Wpointer-arith -Wformat-security -Wcast-align -Wundef -Wcast-align -Wstrict-prototypes -Wmissing-declarations -Wmissing-format-attribute -Wredundant-decls -Wnested-externs -Wunused-parameter -Wwrite-strings -Winline -Wfloat-equal -Wextra -Wdeclaration-after-statement -Winit-self -Wvariadic-macros  -DNDEBUG  conftest.c -L/home/ql_xu/develop/uClinux-dist/lib/zlib -lz >&5
conftest.c:54: warning: function declaration isn't a prototype
conftest.c:64: warning: function declaration isn't a prototype
configure:16361: $? = 0
configure:16361: result: yes
configure:16361: checking for basename
configure:16361: /rsdk-4.4.7-5281-EB-2.6.30-0.9.33-m32ut-140520/bin/rsdk-linux-gcc -o conftest -g -O2 -std=gnu99 -ggdb3 -Wall -W -Wpointer-arith -Wformat-security -Wcast-align -Wundef -Wcast-align -Wstrict-prototypes -Wmissing-declarations -Wmissing-format-attribute -Wredundant-decls -Wnested-externs -Wunused-parameter -Wwrite-strings -Winline -Wfloat-equal -Wextra -Wdeclaration-after-statement -Winit-self -Wvariadic-macros  -DNDEBUG  conftest.c -L/home/ql_xu/develop/uClinux-dist/lib/zlib -lz >&5
conftest.c:55: warning: function declaration isn't a prototype
conftest.c:65: warning: function declaration isn't a prototype
configure:16361: $? = 0
configure:16361: result: yes
configure:16361: checking for strcasecmp
configure:16361: /rsdk-4.4.7-5281-EB-2.6.30-0.9.33-m32ut-140520/bin/rsdk-linux-gcc -o conftest -g -O2 -std=gnu99 -ggdb3 -Wall -W -Wpointer-arith -Wformat-security -Wcast-align -Wundef -Wcast-align -Wstrict-prototypes -Wmissing-declarations -Wmissing-format-attribute -Wredundant-decls -Wnested-externs -Wunused-parameter -Wwrite-strings -Winline -Wfloat-equal -Wextra -Wdeclaration-after-statement -Winit-self -Wvariadic-macros  -DNDEBUG  conftest.c -L/home/ql_xu/develop/uClinux-dist/lib/zlib -lz >&5
conftest.c:56: warning: function declaration isn't a prototype
conftest.c:56: warning: conflicting types for built-in function 'strcasecmp'
conftest.c:66: warning: function declaration isn't a prototype
configure:16361: $? = 0
configure:16361: result: yes
configure:16361: checking for localtime_r
configure:16361: /rsdk-4.4.7-5281-EB-2.6.30-0.9.33-m32ut-140520/bin/rsdk-linux-gcc -o conftest -g -O2 -std=gnu99 -ggdb3 -Wall -W -Wpointer-arith -Wformat-security -Wcast-align -Wundef -Wcast-align -Wstrict-prototypes -Wmissing-declarations -Wmissing-format-attribute -Wredundant-decls -Wnested-externs -Wunused-parameter -Wwrite-strings -Winline -Wfloat-equal -Wextra -Wdeclaration-after-statement -Winit-self -Wvariadic-macros  -DNDEBUG  conftest.c -L/home/ql_xu/develop/uClinux-dist/lib/zlib -lz >&5
conftest.c:57: warning: function declaration isn't a prototype
conftest.c:67: warning: function declaration isn't a prototype
configure:16361: $? = 0
configure:16361: result: yes
configure:16361: checking for fallocate64
configure:16361: /rsdk-4.4.7-5281-EB-2.6.30-0.9.33-m32ut-140520/bin/rsdk-linux-gcc -o conftest -g -O2 -std=gnu99 -ggdb3 -Wall -W -Wpointer-arith -Wformat-security -Wcast-align -Wundef -Wcast-align -Wstrict-prototypes -Wmissing-declarations -Wmissing-format-attribute -Wredundant-decls -Wnested-externs -Wunused-parameter -Wwrite-strings -Winline -Wfloat-equal -Wextra -Wdeclaration-after-statement -Winit-self -Wvariadic-macros  -DNDEBUG  conftest.c -L/home/ql_xu/develop/uClinux-dist/lib/zlib -lz >&5
conftest.c:58: warning: function declaration isn't a prototype
conftest.c:68: warning: function declaration isn't a prototype
/tmp/ccE7TdOx.o: In function `main':
/home/ql_xu/develop/uClinux-dist/user/transmission-2.73/conftest.c:69: undefined reference to `fallocate64'
collect2: ld returned 1 exit status
configure:16361: $? = 1
configure: failed program was:
| /* confdefs.h */
| #define PACKAGE_NAME "transmission"
| #define PACKAGE_TARNAME "transmission"
| #define PACKAGE_VERSION "2.73"
| #define PACKAGE_STRING "transmission 2.73"
| #define PACKAGE_BUGREPORT "http://trac.transmissionbt.com/newticket"
| #define PACKAGE_URL ""
| #define PACKAGE "transmission"
| #define VERSION "2.73"
| #define STDC_HEADERS 1
| #define HAVE_SYS_TYPES_H 1
| #define HAVE_SYS_STAT_H 1
| #define HAVE_STDLIB_H 1
| #define HAVE_STRING_H 1
| #define HAVE_MEMORY_H 1
| #define HAVE_STRINGS_H 1
| #define HAVE_INTTYPES_H 1
| #define HAVE_STDINT_H 1
| #define HAVE_UNISTD_H 1
| #define HAVE_DLFCN_H 1
| #define LT_OBJDIR ".libs/"
| #define STDC_HEADERS 1
| #define TIME_WITH_SYS_TIME 1
| #define HAVE_STDBOOL_H 1
| #define HAVE_ICONV_OPEN 1
| #define HAVE_PREAD 1
| #define HAVE_PWRITE 1
| #define HAVE_STRLCPY 1
| #define HAVE_DAEMON 1
| #define HAVE_DIRNAME 1
| #define HAVE_BASENAME 1
| #define HAVE_STRCASECMP 1
| #define HAVE_LOCALTIME_R 1
| /* end confdefs.h.  */
| /* Define fallocate64 to an innocuous variant, in case <limits.h> declares fallocate64.
|    For example, HP-UX 11i <limits.h> declares gettimeofday.  */
| #define fallocate64 innocuous_fallocate64
| 
| /* System header to define __stub macros and hopefully few prototypes,
|     which can conflict with char fallocate64 (); below.
|     Prefer <limits.h> to <assert.h> if __STDC__ is defined, since
|     <limits.h> exists even on freestanding compilers.  */
| 
| #ifdef __STDC__
| # include <limits.h>
| #else
| # include <assert.h>
| #endif
| 
| #undef fallocate64
| 
| /* Override any GCC internal prototype to avoid an error.
|    Use char because int might match the return type of a GCC
|    builtin and then its argument prototype would still apply.  */
| #ifdef __cplusplus
| extern "C"
| #endif
| char fallocate64 ();
| /* The GNU C library defines this for functions which it implements
|     to always fail with ENOSYS.  Some functions are actually named
|     something starting with __ and the normal name is an alias.  */
| #if defined __stub_fallocate64 || defined __stub___fallocate64
| choke me
| #endif
| 
| int
| main ()
| {
| return fallocate64 ();
|   ;
|   return 0;
| }
configure:16361: result: no
configure:16361: checking for posix_fallocate
configure:16361: /rsdk-4.4.7-5281-EB-2.6.30-0.9.33-m32ut-140520/bin/rsdk-linux-gcc -o conftest -g -O2 -std=gnu99 -ggdb3 -Wall -W -Wpointer-arith -Wformat-security -Wcast-align -Wundef -Wcast-align -Wstrict-prototypes -Wmissing-declarations -Wmissing-format-attribute -Wredundant-decls -Wnested-externs -Wunused-parameter -Wwrite-strings -Winline -Wfloat-equal -Wextra -Wdeclaration-after-statement -Winit-self -Wvariadic-macros  -DNDEBUG  conftest.c -L/home/ql_xu/develop/uClinux-dist/lib/zlib -lz >&5
conftest.c:58: warning: function declaration isn't a prototype
conftest.c:68: warning: function declaration isn't a prototype
configure:16361: $? = 0
configure:16361: result: yes
configure:16361: checking for memmem
configure:16361: /rsdk-4.4.7-5281-EB-2.6.30-0.9.33-m32ut-140520/bin/rsdk-linux-gcc -o conftest -g -O2 -std=gnu99 -ggdb3 -Wall -W -Wpointer-arith -Wformat-security -Wcast-align -Wundef -Wcast-align -Wstrict-prototypes -Wmissing-declarations -Wmissing-format-attribute -Wredundant-decls -Wnested-externs -Wunused-parameter -Wwrite-strings -Winline -Wfloat-equal -Wextra -Wdeclaration-after-statement -Winit-self -Wvariadic-macros  -DNDEBUG  conftest.c -L/home/ql_xu/develop/uClinux-dist/lib/zlib -lz >&5
conftest.c:59: warning: function declaration isn't a prototype
conftest.c:69: warning: function declaration isn't a prototype
configure:16361: $? = 0
configure:16361: result: yes
configure:16361: checking for strsep
configure:16361: /rsdk-4.4.7-5281-EB-2.6.30-0.9.33-m32ut-140520/bin/rsdk-linux-gcc -o conftest -g -O2 -std=gnu99 -ggdb3 -Wall -W -Wpointer-arith -Wformat-security -Wcast-align -Wundef -Wcast-align -Wstrict-prototypes -Wmissing-declarations -Wmissing-format-attribute -Wredundant-decls -Wnested-externs -Wunused-parameter -Wwrite-strings -Winline -Wfloat-equal -Wextra -Wdeclaration-after-statement -Winit-self -Wvariadic-macros  -DNDEBUG  conftest.c -L/home/ql_xu/develop/uClinux-dist/lib/zlib -lz >&5
conftest.c:60: warning: function declaration isn't a prototype
conftest.c:70: warning: function declaration isn't a prototype
configure:16361: $? = 0
configure:16361: result: yes
configure:16361: checking for strtold
configure:16361: /rsdk-4.4.7-5281-EB-2.6.30-0.9.33-m32ut-140520/bin/rsdk-linux-gcc -o conftest -g -O2 -std=gnu99 -ggdb3 -Wall -W -Wpointer-arith -Wformat-security -Wcast-align -Wundef -Wcast-align -Wstrict-prototypes -Wmissing-declarations -Wmissing-format-attribute -Wredundant-decls -Wnested-externs -Wunused-parameter -Wwrite-strings -Winline -Wfloat-equal -Wextra -Wdeclaration-after-statement -Winit-self -Wvariadic-macros  -DNDEBUG  conftest.c -L/home/ql_xu/develop/uClinux-dist/lib/zlib -lz >&5
conftest.c:61: warning: function declaration isn't a prototype
conftest.c:71: warning: function declaration isn't a prototype
configure:16361: $? = 0
configure:16361: result: yes
configure:16361: checking for syslog
configure:16361: /rsdk-4.4.7-5281-EB-2.6.30-0.9.33-m32ut-140520/bin/rsdk-linux-gcc -o conftest -g -O2 -std=gnu99 -ggdb3 -Wall -W -Wpointer-arith -Wformat-security -Wcast-align -Wundef -Wcast-align -Wstrict-prototypes -Wmissing-declarations -Wmissing-format-attribute -Wredundant-decls -Wnested-externs -Wunused-parameter -Wwrite-strings -Winline -Wfloat-equal -Wextra -Wdeclaration-after-statement -Winit-self -Wvariadic-macros  -DNDEBUG  conftest.c -L/home/ql_xu/develop/uClinux-dist/lib/zlib -lz >&5
conftest.c:62: warning: function declaration isn't a prototype
conftest.c:72: warning: function declaration isn't a prototype
configure:16361: $? = 0
configure:16361: result: yes
configure:16361: checking for valloc
configure:16361: /rsdk-4.4.7-5281-EB-2.6.30-0.9.33-m32ut-140520/bin/rsdk-linux-gcc -o conftest -g -O2 -std=gnu99 -ggdb3 -Wall -W -Wpointer-arith -Wformat-security -Wcast-align -Wundef -Wcast-align -Wstrict-prototypes -Wmissing-declarations -Wmissing-format-attribute -Wredundant-decls -Wnested-externs -Wunused-parameter -Wwrite-strings -Winline -Wfloat-equal -Wextra -Wdeclaration-after-statement -Winit-self -Wvariadic-macros  -DNDEBUG  conftest.c -L/home/ql_xu/develop/uClinux-dist/lib/zlib -lz >&5
conftest.c:63: warning: function declaration isn't a prototype
conftest.c:73: warning: function declaration isn't a prototype
configure:16361: $? = 0
configure:16361: result: yes
configure:16361: checking for getpagesize
configure:16361: /rsdk-4.4.7-5281-EB-2.6.30-0.9.33-m32ut-140520/bin/rsdk-linux-gcc -o conftest -g -O2 -std=gnu99 -ggdb3 -Wall -W -Wpointer-arith -Wformat-security -Wcast-align -Wundef -Wcast-align -Wstrict-prototypes -Wmissing-declarations -Wmissing-format-attribute -Wredundant-decls -Wnested-externs -Wunused-parameter -Wwrite-strings -Winline -Wfloat-equal -Wextra -Wdeclaration-after-statement -Winit-self -Wvariadic-macros  -DNDEBUG  conftest.c -L/home/ql_xu/develop/uClinux-dist/lib/zlib -lz >&5
conftest.c:64: warning: function declaration isn't a prototype
conftest.c:74: warning: function declaration isn't a prototype
configure:16361: $? = 0
configure:16361: result: yes
configure:16361: checking for posix_memalign
configure:16361: /rsdk-4.4.7-5281-EB-2.6.30-0.9.33-m32ut-140520/bin/rsdk-linux-gcc -o conftest -g -O2 -std=gnu99 -ggdb3 -Wall -W -Wpointer-arith -Wformat-security -Wcast-align -Wundef -Wcast-align -Wstrict-prototypes -Wmissing-declarations -Wmissing-format-attribute -Wredundant-decls -Wnested-externs -Wunused-parameter -Wwrite-strings -Winline -Wfloat-equal -Wextra -Wdeclaration-after-statement -Winit-self -Wvariadic-macros  -DNDEBUG  conftest.c -L/home/ql_xu/develop/uClinux-dist/lib/zlib -lz >&5
conftest.c:65: warning: function declaration isn't a prototype
conftest.c:75: warning: function declaration isn't a prototype
configure:16361: $? = 0
configure:16361: result: yes
configure:16361: checking for statvfs
configure:16361: /rsdk-4.4.7-5281-EB-2.6.30-0.9.33-m32ut-140520/bin/rsdk-linux-gcc -o conftest -g -O2 -std=gnu99 -ggdb3 -Wall -W -Wpointer-arith -Wformat-security -Wcast-align -Wundef -Wcast-align -Wstrict-prototypes -Wmissing-declarations -Wmissing-format-attribute -Wredundant-decls -Wnested-externs -Wunused-parameter -Wwrite-strings -Winline -Wfloat-equal -Wextra -Wdeclaration-after-statement -Winit-self -Wvariadic-macros  -DNDEBUG  conftest.c -L/home/ql_xu/develop/uClinux-dist/lib/zlib -lz >&5
conftest.c:66: warning: function declaration isn't a prototype
conftest.c:76: warning: function declaration isn't a prototype
configure:16361: $? = 0
configure:16361: result: yes
configure:16361: checking for htonll
configure:16361: /rsdk-4.4.7-5281-EB-2.6.30-0.9.33-m32ut-140520/bin/rsdk-linux-gcc -o conftest -g -O2 -std=gnu99 -ggdb3 -Wall -W -Wpointer-arith -Wformat-security -Wcast-align -Wundef -Wcast-align -Wstrict-prototypes -Wmissing-declarations -Wmissing-format-attribute -Wredundant-decls -Wnested-externs -Wunused-parameter -Wwrite-strings -Winline -Wfloat-equal -Wextra -Wdeclaration-after-statement -Winit-self -Wvariadic-macros  -DNDEBUG  conftest.c -L/home/ql_xu/develop/uClinux-dist/lib/zlib -lz >&5
conftest.c:67: warning: function declaration isn't a prototype
conftest.c:77: warning: function declaration isn't a prototype
/tmp/ccMtt5Rm.o: In function `main':
/home/ql_xu/develop/uClinux-dist/user/transmission-2.73/conftest.c:78: undefined reference to `htonll'
collect2: ld returned 1 exit status
configure:16361: $? = 1
configure: failed program was:
| /* confdefs.h */
| #define PACKAGE_NAME "transmission"
| #define PACKAGE_TARNAME "transmission"
| #define PACKAGE_VERSION "2.73"
| #define PACKAGE_STRING "transmission 2.73"
| #define PACKAGE_BUGREPORT "http://trac.transmissionbt.com/newticket"
| #define PACKAGE_URL ""
| #define PACKAGE "transmission"
| #define VERSION "2.73"
| #define STDC_HEADERS 1
| #define HAVE_SYS_TYPES_H 1
| #define HAVE_SYS_STAT_H 1
| #define HAVE_STDLIB_H 1
| #define HAVE_STRING_H 1
| #define HAVE_MEMORY_H 1
| #define HAVE_STRINGS_H 1
| #define HAVE_INTTYPES_H 1
| #define HAVE_STDINT_H 1
| #define HAVE_UNISTD_H 1
| #define HAVE_DLFCN_H 1
| #define LT_OBJDIR ".libs/"
| #define STDC_HEADERS 1
| #define TIME_WITH_SYS_TIME 1
| #define HAVE_STDBOOL_H 1
| #define HAVE_ICONV_OPEN 1
| #define HAVE_PREAD 1
| #define HAVE_PWRITE 1
| #define HAVE_STRLCPY 1
| #define HAVE_DAEMON 1
| #define HAVE_DIRNAME 1
| #define HAVE_BASENAME 1
| #define HAVE_STRCASECMP 1
| #define HAVE_LOCALTIME_R 1
| #define HAVE_POSIX_FALLOCATE 1
| #define HAVE_MEMMEM 1
| #define HAVE_STRSEP 1
| #define HAVE_STRTOLD 1
| #define HAVE_SYSLOG 1
| #define HAVE_VALLOC 1
| #define HAVE_GETPAGESIZE 1
| #define HAVE_POSIX_MEMALIGN 1
| #define HAVE_STATVFS 1
| /* end confdefs.h.  */
| /* Define htonll to an innocuous variant, in case <limits.h> declares htonll.
|    For example, HP-UX 11i <limits.h> declares gettimeofday.  */
| #define htonll innocuous_htonll
| 
| /* System header to define __stub macros and hopefully few prototypes,
|     which can conflict with char htonll (); below.
|     Prefer <limits.h> to <assert.h> if __STDC__ is defined, since
|     <limits.h> exists even on freestanding compilers.  */
| 
| #ifdef __STDC__
| # include <limits.h>
| #else
| # include <assert.h>
| #endif
| 
| #undef htonll
| 
| /* Override any GCC internal prototype to avoid an error.
|    Use char because int might match the return type of a GCC
|    builtin and then its argument prototype would still apply.  */
| #ifdef __cplusplus
| extern "C"
| #endif
| char htonll ();
| /* The GNU C library defines this for functions which it implements
|     to always fail with ENOSYS.  Some functions are actually named
|     something starting with __ and the normal name is an alias.  */
| #if defined __stub_htonll || defined __stub___htonll
| choke me
| #endif
| 
| int
| main ()
| {
| return htonll ();
|   ;
|   return 0;
| }
configure:16361: result: no
configure:16361: checking for ntohll
configure:16361: /rsdk-4.4.7-5281-EB-2.6.30-0.9.33-m32ut-140520/bin/rsdk-linux-gcc -o conftest -g -O2 -std=gnu99 -ggdb3 -Wall -W -Wpointer-arith -Wformat-security -Wcast-align -Wundef -Wcast-align -Wstrict-prototypes -Wmissing-declarations -Wmissing-format-attribute -Wredundant-decls -Wnested-externs -Wunused-parameter -Wwrite-strings -Winline -Wfloat-equal -Wextra -Wdeclaration-after-statement -Winit-self -Wvariadic-macros  -DNDEBUG  conftest.c -L/home/ql_xu/develop/uClinux-dist/lib/zlib -lz >&5
conftest.c:67: warning: function declaration isn't a prototype
conftest.c:77: warning: function declaration isn't a prototype
/tmp/cc222ZEf.o: In function `main':
/home/ql_xu/develop/uClinux-dist/user/transmission-2.73/conftest.c:78: undefined reference to `ntohll'
collect2: ld returned 1 exit status
configure:16361: $? = 1
configure: failed program was:
| /* confdefs.h */
| #define PACKAGE_NAME "transmission"
| #define PACKAGE_TARNAME "transmission"
| #define PACKAGE_VERSION "2.73"
| #define PACKAGE_STRING "transmission 2.73"
| #define PACKAGE_BUGREPORT "http://trac.transmissionbt.com/newticket"
| #define PACKAGE_URL ""
| #define PACKAGE "transmission"
| #define VERSION "2.73"
| #define STDC_HEADERS 1
| #define HAVE_SYS_TYPES_H 1
| #define HAVE_SYS_STAT_H 1
| #define HAVE_STDLIB_H 1
| #define HAVE_STRING_H 1
| #define HAVE_MEMORY_H 1
| #define HAVE_STRINGS_H 1
| #define HAVE_INTTYPES_H 1
| #define HAVE_STDINT_H 1
| #define HAVE_UNISTD_H 1
| #define HAVE_DLFCN_H 1
| #define LT_OBJDIR ".libs/"
| #define STDC_HEADERS 1
| #define TIME_WITH_SYS_TIME 1
| #define HAVE_STDBOOL_H 1
| #define HAVE_ICONV_OPEN 1
| #define HAVE_PREAD 1
| #define HAVE_PWRITE 1
| #define HAVE_STRLCPY 1
| #define HAVE_DAEMON 1
| #define HAVE_DIRNAME 1
| #define HAVE_BASENAME 1
| #define HAVE_STRCASECMP 1
| #define HAVE_LOCALTIME_R 1
| #define HAVE_POSIX_FALLOCATE 1
| #define HAVE_MEMMEM 1
| #define HAVE_STRSEP 1
| #define HAVE_STRTOLD 1
| #define HAVE_SYSLOG 1
| #define HAVE_VALLOC 1
| #define HAVE_GETPAGESIZE 1
| #define HAVE_POSIX_MEMALIGN 1
| #define HAVE_STATVFS 1
| /* end confdefs.h.  */
| /* Define ntohll to an innocuous variant, in case <limits.h> declares ntohll.
|    For example, HP-UX 11i <limits.h> declares gettimeofday.  */
| #define ntohll innocuous_ntohll
| 
| /* System header to define __stub macros and hopefully few prototypes,
|     which can conflict with char ntohll (); below.
|     Prefer <limits.h> to <assert.h> if __STDC__ is defined, since
|     <limits.h> exists even on freestanding compilers.  */
| 
| #ifdef __STDC__
| # include <limits.h>
| #else
| # include <assert.h>
| #endif
| 
| #undef ntohll
| 
| /* Override any GCC internal prototype to avoid an error.
|    Use char because int might match the return type of a GCC
|    builtin and then its argument prototype would still apply.  */
| #ifdef __cplusplus
| extern "C"
| #endif
| char ntohll ();
| /* The GNU C library defines this for functions which it implements
|     to always fail with ENOSYS.  Some functions are actually named
|     something starting with __ and the normal name is an alias.  */
| #if defined __stub_ntohll || defined __stub___ntohll
| choke me
| #endif
| 
| int
| main ()
| {
| return ntohll ();
|   ;
|   return 0;
| }
configure:16361: result: no
configure:16361: checking for mkdtemp
configure:16361: /rsdk-4.4.7-5281-EB-2.6.30-0.9.33-m32ut-140520/bin/rsdk-linux-gcc -o conftest -g -O2 -std=gnu99 -ggdb3 -Wall -W -Wpointer-arith -Wformat-security -Wcast-align -Wundef -Wcast-align -Wstrict-prototypes -Wmissing-declarations -Wmissing-format-attribute -Wredundant-decls -Wnested-externs -Wunused-parameter -Wwrite-strings -Winline -Wfloat-equal -Wextra -Wdeclaration-after-statement -Winit-self -Wvariadic-macros  -DNDEBUG  conftest.c -L/home/ql_xu/develop/uClinux-dist/lib/zlib -lz >&5
conftest.c:67: warning: function declaration isn't a prototype
conftest.c:77: warning: function declaration isn't a prototype
configure:16361: $? = 0
configure:16361: result: yes
configure:16371: checking whether make sets $(MAKE)
configure:16393: result: yes
configure:16567: checking for the pthreads library -lpthreads
configure:16600: /rsdk-4.4.7-5281-EB-2.6.30-0.9.33-m32ut-140520/bin/rsdk-linux-gcc -o conftest -g -O2 -std=gnu99 -ggdb3 -Wall -W -Wpointer-arith -Wformat-security -Wcast-align -Wundef -Wcast-align -Wstrict-prototypes -Wmissing-declarations -Wmissing-format-attribute -Wredundant-decls -Wnested-externs -Wunused-parameter -Wwrite-strings -Winline -Wfloat-equal -Wextra -Wdeclaration-after-statement -Winit-self -Wvariadic-macros   -DNDEBUG  conftest.c -lpthreads -L/home/ql_xu/develop/uClinux-dist/lib/zlib -lz >&5
conftest.c:48: warning: function declaration isn't a prototype
conftest.c: In function 'main':
conftest.c:50: warning: null argument where non-null required (argument 1)
conftest.c:51: warning: null argument where non-null required (argument 1)
conftest.c:51: warning: null argument where non-null required (argument 3)
conftest.c:49: warning: 'th' is used uninitialized in this function
/rsdk-4.4.7-5281-EB-2.6.30-0.9.33-m32ut-140520/bin/../lib/gcc/mips-linux-uclibc/4.4.7/../../../../mips-linux-uclibc/bin/ld: cannot find -lpthreads
collect2: ld returned 1 exit status
configure:16600: $? = 1
configure: failed program was:
| /* confdefs.h */
| #define PACKAGE_NAME "transmission"
| #define PACKAGE_TARNAME "transmission"
| #define PACKAGE_VERSION "2.73"
| #define PACKAGE_STRING "transmission 2.73"
| #define PACKAGE_BUGREPORT "http://trac.transmissionbt.com/newticket"
| #define PACKAGE_URL ""
| #define PACKAGE "transmission"
| #define VERSION "2.73"
| #define STDC_HEADERS 1
| #define HAVE_SYS_TYPES_H 1
| #define HAVE_SYS_STAT_H 1
| #define HAVE_STDLIB_H 1
| #define HAVE_STRING_H 1
| #define HAVE_MEMORY_H 1
| #define HAVE_STRINGS_H 1
| #define HAVE_INTTYPES_H 1
| #define HAVE_STDINT_H 1
| #define HAVE_UNISTD_H 1
| #define HAVE_DLFCN_H 1
| #define LT_OBJDIR ".libs/"
| #define STDC_HEADERS 1
| #define TIME_WITH_SYS_TIME 1
| #define HAVE_STDBOOL_H 1
| #define HAVE_ICONV_OPEN 1
| #define HAVE_PREAD 1
| #define HAVE_PWRITE 1
| #define HAVE_STRLCPY 1
| #define HAVE_DAEMON 1
| #define HAVE_DIRNAME 1
| #define HAVE_BASENAME 1
| #define HAVE_STRCASECMP 1
| #define HAVE_LOCALTIME_R 1
| #define HAVE_POSIX_FALLOCATE 1
| #define HAVE_MEMMEM 1
| #define HAVE_STRSEP 1
| #define HAVE_STRTOLD 1
| #define HAVE_SYSLOG 1
| #define HAVE_VALLOC 1
| #define HAVE_GETPAGESIZE 1
| #define HAVE_POSIX_MEMALIGN 1
| #define HAVE_STATVFS 1
| #define HAVE_MKDTEMP 1
| /* end confdefs.h.  */
| #include <pthread.h>
| int
| main ()
| {
| pthread_t th; pthread_join(th, 0);
|                      pthread_attr_init(0); pthread_cleanup_push(0, 0);
|                      pthread_create(0,0,0,0); pthread_cleanup_pop(0);
|   ;
|   return 0;
| }
configure:16609: result: no
configure:16512: checking whether pthreads work without any flags
configure:16600: /rsdk-4.4.7-5281-EB-2.6.30-0.9.33-m32ut-140520/bin/rsdk-linux-gcc -o conftest -g -O2 -std=gnu99 -ggdb3 -Wall -W -Wpointer-arith -Wformat-security -Wcast-align -Wundef -Wcast-align -Wstrict-prototypes -Wmissing-declarations -Wmissing-format-attribute -Wredundant-decls -Wnested-externs -Wunused-parameter -Wwrite-strings -Winline -Wfloat-equal -Wextra -Wdeclaration-after-statement -Winit-self -Wvariadic-macros   -DNDEBUG  conftest.c  -L/home/ql_xu/develop/uClinux-dist/lib/zlib -lz >&5
conftest.c:48: warning: function declaration isn't a prototype
conftest.c: In function 'main':
conftest.c:50: warning: null argument where non-null required (argument 1)
conftest.c:51: warning: null argument where non-null required (argument 1)
conftest.c:51: warning: null argument where non-null required (argument 3)
conftest.c:49: warning: 'th' is used uninitialized in this function
/tmp/ccIthlYQ.o: In function `main':
/home/ql_xu/develop/uClinux-dist/user/transmission-2.73/conftest.c:49: undefined reference to `pthread_join'
/home/ql_xu/develop/uClinux-dist/user/transmission-2.73/conftest.c:50: undefined reference to `__pthread_register_cancel'
/home/ql_xu/develop/uClinux-dist/user/transmission-2.73/conftest.c:51: undefined reference to `pthread_create'
/home/ql_xu/develop/uClinux-dist/user/transmission-2.73/conftest.c:51: undefined reference to `__pthread_unregister_cancel'
collect2: ld returned 1 exit status
configure:16600: $? = 1
configure: failed program was:
| /* confdefs.h */
| #define PACKAGE_NAME "transmission"
| #define PACKAGE_TARNAME "transmission"
| #define PACKAGE_VERSION "2.73"
| #define PACKAGE_STRING "transmission 2.73"
| #define PACKAGE_BUGREPORT "http://trac.transmissionbt.com/newticket"
| #define PACKAGE_URL ""
| #define PACKAGE "transmission"
| #define VERSION "2.73"
| #define STDC_HEADERS 1
| #define HAVE_SYS_TYPES_H 1
| #define HAVE_SYS_STAT_H 1
| #define HAVE_STDLIB_H 1
| #define HAVE_STRING_H 1
| #define HAVE_MEMORY_H 1
| #define HAVE_STRINGS_H 1
| #define HAVE_INTTYPES_H 1
| #define HAVE_STDINT_H 1
| #define HAVE_UNISTD_H 1
| #define HAVE_DLFCN_H 1
| #define LT_OBJDIR ".libs/"
| #define STDC_HEADERS 1
| #define TIME_WITH_SYS_TIME 1
| #define HAVE_STDBOOL_H 1
| #define HAVE_ICONV_OPEN 1
| #define HAVE_PREAD 1
| #define HAVE_PWRITE 1
| #define HAVE_STRLCPY 1
| #define HAVE_DAEMON 1
| #define HAVE_DIRNAME 1
| #define HAVE_BASENAME 1
| #define HAVE_STRCASECMP 1
| #define HAVE_LOCALTIME_R 1
| #define HAVE_POSIX_FALLOCATE 1
| #define HAVE_MEMMEM 1
| #define HAVE_STRSEP 1
| #define HAVE_STRTOLD 1
| #define HAVE_SYSLOG 1
| #define HAVE_VALLOC 1
| #define HAVE_GETPAGESIZE 1
| #define HAVE_POSIX_MEMALIGN 1
| #define HAVE_STATVFS 1
| #define HAVE_MKDTEMP 1
| /* end confdefs.h.  */
| #include <pthread.h>
| int
| main ()
| {
| pthread_t th; pthread_join(th, 0);
|                      pthread_attr_init(0); pthread_cleanup_push(0, 0);
|                      pthread_create(0,0,0,0); pthread_cleanup_pop(0);
|   ;
|   return 0;
| }
configure:16609: result: no
configure:16517: checking whether pthreads work with -Kthread
configure:16600: /rsdk-4.4.7-5281-EB-2.6.30-0.9.33-m32ut-140520/bin/rsdk-linux-gcc -o conftest -g -O2 -std=gnu99 -ggdb3 -Wall -W -Wpointer-arith -Wformat-security -Wcast-align -Wundef -Wcast-align -Wstrict-prototypes -Wmissing-declarations -Wmissing-format-attribute -Wredundant-decls -Wnested-externs -Wunused-parameter -Wwrite-strings -Winline -Wfloat-equal -Wextra -Wdeclaration-after-statement -Winit-self -Wvariadic-macros -Kthread  -DNDEBUG  conftest.c  -L/home/ql_xu/develop/uClinux-dist/lib/zlib -lz >&5
mips-linux-xgcc: unrecognized option '-Kthread'
conftest.c:48: warning: function declaration isn't a prototype
conftest.c: In function 'main':
conftest.c:50: warning: null argument where non-null required (argument 1)
conftest.c:51: warning: null argument where non-null required (argument 1)
conftest.c:51: warning: null argument where non-null required (argument 3)
conftest.c:49: warning: 'th' is used uninitialized in this function
/tmp/ccw3pJg1.o: In function `main':
/home/ql_xu/develop/uClinux-dist/user/transmission-2.73/conftest.c:49: undefined reference to `pthread_join'
/home/ql_xu/develop/uClinux-dist/user/transmission-2.73/conftest.c:50: undefined reference to `__pthread_register_cancel'
/home/ql_xu/develop/uClinux-dist/user/transmission-2.73/conftest.c:51: undefined reference to `pthread_create'
/home/ql_xu/develop/uClinux-dist/user/transmission-2.73/conftest.c:51: undefined reference to `__pthread_unregister_cancel'
collect2: ld returned 1 exit status
configure:16600: $? = 1
configure: failed program was:
| /* confdefs.h */
| #define PACKAGE_NAME "transmission"
| #define PACKAGE_TARNAME "transmission"
| #define PACKAGE_VERSION "2.73"
| #define PACKAGE_STRING "transmission 2.73"
| #define PACKAGE_BUGREPORT "http://trac.transmissionbt.com/newticket"
| #define PACKAGE_URL ""
| #define PACKAGE "transmission"
| #define VERSION "2.73"
| #define STDC_HEADERS 1
| #define HAVE_SYS_TYPES_H 1
| #define HAVE_SYS_STAT_H 1
| #define HAVE_STDLIB_H 1
| #define HAVE_STRING_H 1
| #define HAVE_MEMORY_H 1
| #define HAVE_STRINGS_H 1
| #define HAVE_INTTYPES_H 1
| #define HAVE_STDINT_H 1
| #define HAVE_UNISTD_H 1
| #define HAVE_DLFCN_H 1
| #define LT_OBJDIR ".libs/"
| #define STDC_HEADERS 1
| #define TIME_WITH_SYS_TIME 1
| #define HAVE_STDBOOL_H 1
| #define HAVE_ICONV_OPEN 1
| #define HAVE_PREAD 1
| #define HAVE_PWRITE 1
| #define HAVE_STRLCPY 1
| #define HAVE_DAEMON 1
| #define HAVE_DIRNAME 1
| #define HAVE_BASENAME 1
| #define HAVE_STRCASECMP 1
| #define HAVE_LOCALTIME_R 1
| #define HAVE_POSIX_FALLOCATE 1
| #define HAVE_MEMMEM 1
| #define HAVE_STRSEP 1
| #define HAVE_STRTOLD 1
| #define HAVE_SYSLOG 1
| #define HAVE_VALLOC 1
| #define HAVE_GETPAGESIZE 1
| #define HAVE_POSIX_MEMALIGN 1
| #define HAVE_STATVFS 1
| #define HAVE_MKDTEMP 1
| /* end confdefs.h.  */
| #include <pthread.h>
| int
| main ()
| {
| pthread_t th; pthread_join(th, 0);
|                      pthread_attr_init(0); pthread_cleanup_push(0, 0);
|                      pthread_create(0,0,0,0); pthread_cleanup_pop(0);
|   ;
|   return 0;
| }
configure:16609: result: no
configure:16517: checking whether pthreads work with -kthread
configure:16600: /rsdk-4.4.7-5281-EB-2.6.30-0.9.33-m32ut-140520/bin/rsdk-linux-gcc -o conftest -g -O2 -std=gnu99 -ggdb3 -Wall -W -Wpointer-arith -Wformat-security -Wcast-align -Wundef -Wcast-align -Wstrict-prototypes -Wmissing-declarations -Wmissing-format-attribute -Wredundant-decls -Wnested-externs -Wunused-parameter -Wwrite-strings -Winline -Wfloat-equal -Wextra -Wdeclaration-after-statement -Winit-self -Wvariadic-macros -kthread  -DNDEBUG  conftest.c  -L/home/ql_xu/develop/uClinux-dist/lib/zlib -lz >&5
mips-linux-xgcc: unrecognized option '-kthread'
conftest.c:48: warning: function declaration isn't a prototype
conftest.c: In function 'main':
conftest.c:50: warning: null argument where non-null required (argument 1)
conftest.c:51: warning: null argument where non-null required (argument 1)
conftest.c:51: warning: null argument where non-null required (argument 3)
conftest.c:49: warning: 'th' is used uninitialized in this function
/tmp/ccEzUnnd.o: In function `main':
/home/ql_xu/develop/uClinux-dist/user/transmission-2.73/conftest.c:49: undefined reference to `pthread_join'
/home/ql_xu/develop/uClinux-dist/user/transmission-2.73/conftest.c:50: undefined reference to `__pthread_register_cancel'
/home/ql_xu/develop/uClinux-dist/user/transmission-2.73/conftest.c:51: undefined reference to `pthread_create'
/home/ql_xu/develop/uClinux-dist/user/transmission-2.73/conftest.c:51: undefined reference to `__pthread_unregister_cancel'
collect2: ld returned 1 exit status
configure:16600: $? = 1
configure: failed program was:
| /* confdefs.h */
| #define PACKAGE_NAME "transmission"
| #define PACKAGE_TARNAME "transmission"
| #define PACKAGE_VERSION "2.73"
| #define PACKAGE_STRING "transmission 2.73"
| #define PACKAGE_BUGREPORT "http://trac.transmissionbt.com/newticket"
| #define PACKAGE_URL ""
| #define PACKAGE "transmission"
| #define VERSION "2.73"
| #define STDC_HEADERS 1
| #define HAVE_SYS_TYPES_H 1
| #define HAVE_SYS_STAT_H 1
| #define HAVE_STDLIB_H 1
| #define HAVE_STRING_H 1
| #define HAVE_MEMORY_H 1
| #define HAVE_STRINGS_H 1
| #define HAVE_INTTYPES_H 1
| #define HAVE_STDINT_H 1
| #define HAVE_UNISTD_H 1
| #define HAVE_DLFCN_H 1
| #define LT_OBJDIR ".libs/"
| #define STDC_HEADERS 1
| #define TIME_WITH_SYS_TIME 1
| #define HAVE_STDBOOL_H 1
| #define HAVE_ICONV_OPEN 1
| #define HAVE_PREAD 1
| #define HAVE_PWRITE 1
| #define HAVE_STRLCPY 1
| #define HAVE_DAEMON 1
| #define HAVE_DIRNAME 1
| #define HAVE_BASENAME 1
| #define HAVE_STRCASECMP 1
| #define HAVE_LOCALTIME_R 1
| #define HAVE_POSIX_FALLOCATE 1
| #define HAVE_MEMMEM 1
| #define HAVE_STRSEP 1
| #define HAVE_STRTOLD 1
| #define HAVE_SYSLOG 1
| #define HAVE_VALLOC 1
| #define HAVE_GETPAGESIZE 1
| #define HAVE_POSIX_MEMALIGN 1
| #define HAVE_STATVFS 1
| #define HAVE_MKDTEMP 1
| /* end confdefs.h.  */
| #include <pthread.h>
| int
| main ()
| {
| pthread_t th; pthread_join(th, 0);
|                      pthread_attr_init(0); pthread_cleanup_push(0, 0);
|                      pthread_create(0,0,0,0); pthread_cleanup_pop(0);
|   ;
|   return 0;
| }
configure:16609: result: no
configure:16567: checking for the pthreads library -llthread
configure:16600: /rsdk-4.4.7-5281-EB-2.6.30-0.9.33-m32ut-140520/bin/rsdk-linux-gcc -o conftest -g -O2 -std=gnu99 -ggdb3 -Wall -W -Wpointer-arith -Wformat-security -Wcast-align -Wundef -Wcast-align -Wstrict-prototypes -Wmissing-declarations -Wmissing-format-attribute -Wredundant-decls -Wnested-externs -Wunused-parameter -Wwrite-strings -Winline -Wfloat-equal -Wextra -Wdeclaration-after-statement -Winit-self -Wvariadic-macros   -DNDEBUG  conftest.c -llthread -L/home/ql_xu/develop/uClinux-dist/lib/zlib -lz >&5
conftest.c:48: warning: function declaration isn't a prototype
conftest.c: In function 'main':
conftest.c:50: warning: null argument where non-null required (argument 1)
conftest.c:51: warning: null argument where non-null required (argument 1)
conftest.c:51: warning: null argument where non-null required (argument 3)
conftest.c:49: warning: 'th' is used uninitialized in this function
/rsdk-4.4.7-5281-EB-2.6.30-0.9.33-m32ut-140520/bin/../lib/gcc/mips-linux-uclibc/4.4.7/../../../../mips-linux-uclibc/bin/ld: cannot find -llthread
collect2: ld returned 1 exit status
configure:16600: $? = 1
configure: failed program was:
| /* confdefs.h */
| #define PACKAGE_NAME "transmission"
| #define PACKAGE_TARNAME "transmission"
| #define PACKAGE_VERSION "2.73"
| #define PACKAGE_STRING "transmission 2.73"
| #define PACKAGE_BUGREPORT "http://trac.transmissionbt.com/newticket"
| #define PACKAGE_URL ""
| #define PACKAGE "transmission"
| #define VERSION "2.73"
| #define STDC_HEADERS 1
| #define HAVE_SYS_TYPES_H 1
| #define HAVE_SYS_STAT_H 1
| #define HAVE_STDLIB_H 1
| #define HAVE_STRING_H 1
| #define HAVE_MEMORY_H 1
| #define HAVE_STRINGS_H 1
| #define HAVE_INTTYPES_H 1
| #define HAVE_STDINT_H 1
| #define HAVE_UNISTD_H 1
| #define HAVE_DLFCN_H 1
| #define LT_OBJDIR ".libs/"
| #define STDC_HEADERS 1
| #define TIME_WITH_SYS_TIME 1
| #define HAVE_STDBOOL_H 1
| #define HAVE_ICONV_OPEN 1
| #define HAVE_PREAD 1
| #define HAVE_PWRITE 1
| #define HAVE_STRLCPY 1
| #define HAVE_DAEMON 1
| #define HAVE_DIRNAME 1
| #define HAVE_BASENAME 1
| #define HAVE_STRCASECMP 1
| #define HAVE_LOCALTIME_R 1
| #define HAVE_POSIX_FALLOCATE 1
| #define HAVE_MEMMEM 1
| #define HAVE_STRSEP 1
| #define HAVE_STRTOLD 1
| #define HAVE_SYSLOG 1
| #define HAVE_VALLOC 1
| #define HAVE_GETPAGESIZE 1
| #define HAVE_POSIX_MEMALIGN 1
| #define HAVE_STATVFS 1
| #define HAVE_MKDTEMP 1
| /* end confdefs.h.  */
| #include <pthread.h>
| int
| main ()
| {
| pthread_t th; pthread_join(th, 0);
|                      pthread_attr_init(0); pthread_cleanup_push(0, 0);
|                      pthread_create(0,0,0,0); pthread_cleanup_pop(0);
|   ;
|   return 0;
| }
configure:16609: result: no
configure:16517: checking whether pthreads work with -pthread
configure:16600: /rsdk-4.4.7-5281-EB-2.6.30-0.9.33-m32ut-140520/bin/rsdk-linux-gcc -o conftest -g -O2 -std=gnu99 -ggdb3 -Wall -W -Wpointer-arith -Wformat-security -Wcast-align -Wundef -Wcast-align -Wstrict-prototypes -Wmissing-declarations -Wmissing-format-attribute -Wredundant-decls -Wnested-externs -Wunused-parameter -Wwrite-strings -Winline -Wfloat-equal -Wextra -Wdeclaration-after-statement -Winit-self -Wvariadic-macros -pthread  -DNDEBUG  conftest.c  -L/home/ql_xu/develop/uClinux-dist/lib/zlib -lz >&5
conftest.c:48: warning: function declaration isn't a prototype
conftest.c: In function 'main':
conftest.c:50: warning: null argument where non-null required (argument 1)
conftest.c:51: warning: null argument where non-null required (argument 1)
conftest.c:51: warning: null argument where non-null required (argument 3)
conftest.c:49: warning: 'th' is used uninitialized in this function
configure:16600: $? = 0
configure:16609: result: yes
configure:16628: checking for joinable pthread attribute
configure:16643: /rsdk-4.4.7-5281-EB-2.6.30-0.9.33-m32ut-140520/bin/rsdk-linux-gcc -o conftest -g -O2 -std=gnu99 -ggdb3 -Wall -W -Wpointer-arith -Wformat-security -Wcast-align -Wundef -Wcast-align -Wstrict-prototypes -Wmissing-declarations -Wmissing-format-attribute -Wredundant-decls -Wnested-externs -Wunused-parameter -Wwrite-strings -Winline -Wfloat-equal -Wextra -Wdeclaration-after-statement -Winit-self -Wvariadic-macros -pthread  -DNDEBUG  conftest.c  -L/home/ql_xu/develop/uClinux-dist/lib/zlib -lz >&5
conftest.c:48: warning: function declaration isn't a prototype
configure:16643: $? = 0
configure:16649: result: PTHREAD_CREATE_JOINABLE
configure:16659: checking if more special flags are required for pthreads
configure:16666: result: no
configure:16753: checking for library containing cos
configure:16784: /rsdk-4.4.7-5281-EB-2.6.30-0.9.33-m32ut-140520/bin/rsdk-linux-gcc -o conftest -g -O2 -std=gnu99 -ggdb3 -Wall -W -Wpointer-arith -Wformat-security -Wcast-align -Wundef -Wcast-align -Wstrict-prototypes -Wmissing-declarations -Wmissing-format-attribute -Wredundant-decls -Wnested-externs -Wunused-parameter -Wwrite-strings -Winline -Wfloat-equal -Wextra -Wdeclaration-after-statement -Winit-self -Wvariadic-macros  -DNDEBUG  conftest.c -L/home/ql_xu/develop/uClinux-dist/lib/zlib -lz >&5
conftest.c:53: warning: function declaration isn't a prototype
conftest.c:53: warning: conflicting types for built-in function 'cos'
conftest.c:56: warning: function declaration isn't a prototype
/tmp/ccAyclmV.o: In function `main':
/home/ql_xu/develop/uClinux-dist/user/transmission-2.73/conftest.c:57: undefined reference to `cos'
collect2: ld returned 1 exit status
configure:16784: $? = 1
configure: failed program was:
| /* confdefs.h */
| #define PACKAGE_NAME "transmission"
| #define PACKAGE_TARNAME "transmission"
| #define PACKAGE_VERSION "2.73"
| #define PACKAGE_STRING "transmission 2.73"
| #define PACKAGE_BUGREPORT "http://trac.transmissionbt.com/newticket"
| #define PACKAGE_URL ""
| #define PACKAGE "transmission"
| #define VERSION "2.73"
| #define STDC_HEADERS 1
| #define HAVE_SYS_TYPES_H 1
| #define HAVE_SYS_STAT_H 1
| #define HAVE_STDLIB_H 1
| #define HAVE_STRING_H 1
| #define HAVE_MEMORY_H 1
| #define HAVE_STRINGS_H 1
| #define HAVE_INTTYPES_H 1
| #define HAVE_STDINT_H 1
| #define HAVE_UNISTD_H 1
| #define HAVE_DLFCN_H 1
| #define LT_OBJDIR ".libs/"
| #define STDC_HEADERS 1
| #define TIME_WITH_SYS_TIME 1
| #define HAVE_STDBOOL_H 1
| #define HAVE_ICONV_OPEN 1
| #define HAVE_PREAD 1
| #define HAVE_PWRITE 1
| #define HAVE_STRLCPY 1
| #define HAVE_DAEMON 1
| #define HAVE_DIRNAME 1
| #define HAVE_BASENAME 1
| #define HAVE_STRCASECMP 1
| #define HAVE_LOCALTIME_R 1
| #define HAVE_POSIX_FALLOCATE 1
| #define HAVE_MEMMEM 1
| #define HAVE_STRSEP 1
| #define HAVE_STRTOLD 1
| #define HAVE_SYSLOG 1
| #define HAVE_VALLOC 1
| #define HAVE_GETPAGESIZE 1
| #define HAVE_POSIX_MEMALIGN 1
| #define HAVE_STATVFS 1
| #define HAVE_MKDTEMP 1
| #define HAVE_PTHREAD 1
| /* end confdefs.h.  */
| 
| /* Override any GCC internal prototype to avoid an error.
|    Use char because int might match the return type of a GCC
|    builtin and then its argument prototype would still apply.  */
| #ifdef __cplusplus
| extern "C"
| #endif
| char cos ();
| int
| main ()
| {
| return cos ();
|   ;
|   return 0;
| }
configure:16784: /rsdk-4.4.7-5281-EB-2.6.30-0.9.33-m32ut-140520/bin/rsdk-linux-gcc -o conftest -g -O2 -std=gnu99 -ggdb3 -Wall -W -Wpointer-arith -Wformat-security -Wcast-align -Wundef -Wcast-align -Wstrict-prototypes -Wmissing-declarations -Wmissing-format-attribute -Wredundant-decls -Wnested-externs -Wunused-parameter -Wwrite-strings -Winline -Wfloat-equal -Wextra -Wdeclaration-after-statement -Winit-self -Wvariadic-macros  -DNDEBUG  conftest.c -lm  -L/home/ql_xu/develop/uClinux-dist/lib/zlib -lz >&5
conftest.c:53: warning: function declaration isn't a prototype
conftest.c:53: warning: conflicting types for built-in function 'cos'
conftest.c:56: warning: function declaration isn't a prototype
configure:16784: $? = 0
configure:16801: result: -lm
configure:16809: checking for library containing socket
configure:16840: /rsdk-4.4.7-5281-EB-2.6.30-0.9.33-m32ut-140520/bin/rsdk-linux-gcc -o conftest -g -O2 -std=gnu99 -ggdb3 -Wall -W -Wpointer-arith -Wformat-security -Wcast-align -Wundef -Wcast-align -Wstrict-prototypes -Wmissing-declarations -Wmissing-format-attribute -Wredundant-decls -Wnested-externs -Wunused-parameter -Wwrite-strings -Winline -Wfloat-equal -Wextra -Wdeclaration-after-statement -Winit-self -Wvariadic-macros  -DNDEBUG  conftest.c -lm -L/home/ql_xu/develop/uClinux-dist/lib/zlib -lz >&5
conftest.c:53: warning: function declaration isn't a prototype
conftest.c:56: warning: function declaration isn't a prototype
configure:16840: $? = 0
configure:16857: result: none required
configure:16865: checking for library containing gethostbyname
configure:16896: /rsdk-4.4.7-5281-EB-2.6.30-0.9.33-m32ut-140520/bin/rsdk-linux-gcc -o conftest -g -O2 -std=gnu99 -ggdb3 -Wall -W -Wpointer-arith -Wformat-security -Wcast-align -Wundef -Wcast-align -Wstrict-prototypes -Wmissing-declarations -Wmissing-format-attribute -Wredundant-decls -Wnested-externs -Wunused-parameter -Wwrite-strings -Winline -Wfloat-equal -Wextra -Wdeclaration-after-statement -Winit-self -Wvariadic-macros  -DNDEBUG  conftest.c -lm -L/home/ql_xu/develop/uClinux-dist/lib/zlib -lz >&5
conftest.c:53: warning: function declaration isn't a prototype
conftest.c:56: warning: function declaration isn't a prototype
configure:16896: $? = 0
configure:16913: result: none required
configure:16927: checking for mips-linux-pkg-config
configure:16960: result: no
configure:16970: checking for pkg-config
configure:16988: found /usr/bin/pkg-config
configure:17000: result: /usr/bin/pkg-config
configure:17025: checking pkg-config is at least version 0.9.0
configure:17028: result: yes
configure:17039: checking for OPENSSL
configure:17152: result: yes
configure:17158: checking for LIBCURL
configure:17242: result: yes
configure:17248: checking for LIBEVENT
configure:17332: result: yes
configure:17372: checking for /tmp/dummy1_zlib.h
configure:17372: /rsdk-4.4.7-5281-EB-2.6.30-0.9.33-m32ut-140520/bin/rsdk-linux-gcc -c -g -O2 -std=gnu99 -ggdb3 -Wall -W -Wpointer-arith -Wformat-security -Wcast-align -Wundef -Wcast-align -Wstrict-prototypes -Wmissing-declarations -Wmissing-format-attribute -Wredundant-decls -Wnested-externs -Wunused-parameter -Wwrite-strings -Winline -Wfloat-equal -Wextra -Wdeclaration-after-statement -Winit-self -Wvariadic-macros  -I/home/ql_xu/develop/uClinux-dist/lib/zlib/  -DNDEBUG conftest.c >&5
configure:17372: $? = 0
configure:17372: result: yes
configure:17387: checking for library containing gzopen
configure:17418: /rsdk-4.4.7-5281-EB-2.6.30-0.9.33-m32ut-140520/bin/rsdk-linux-gcc -o conftest -g -O2 -std=gnu99 -ggdb3 -Wall -W -Wpointer-arith -Wformat-security -Wcast-align -Wundef -Wcast-align -Wstrict-prototypes -Wmissing-declarations -Wmissing-format-attribute -Wredundant-decls -Wnested-externs -Wunused-parameter -Wwrite-strings -Winline -Wfloat-equal -Wextra -Wdeclaration-after-statement -Winit-self -Wvariadic-macros  -I/home/ql_xu/develop/uClinux-dist/lib/zlib/  -DNDEBUG   conftest.c -lm -L/home/ql_xu/develop/uClinux-dist/lib/zlib -lz >&5
conftest.c:54: warning: function declaration isn't a prototype
conftest.c:57: warning: function declaration isn't a prototype
configure:17418: $? = 0
configure:17435: result: none required
configure:17572: checking for special C compiler options needed for large files
configure:17617: result: no
configure:17623: checking for _FILE_OFFSET_BITS value needed for large files
configure:17648: /rsdk-4.4.7-5281-EB-2.6.30-0.9.33-m32ut-140520/bin/rsdk-linux-gcc -c -g -O2 -std=gnu99 -ggdb3 -Wall -W -Wpointer-arith -Wformat-security -Wcast-align -Wundef -Wcast-align -Wstrict-prototypes -Wmissing-declarations -Wmissing-format-attribute -Wredundant-decls -Wnested-externs -Wunused-parameter -Wwrite-strings -Winline -Wfloat-equal -Wextra -Wdeclaration-after-statement -Winit-self -Wvariadic-macros  -DNDEBUG conftest.c >&5
conftest.c:54: warning: left shift count >= width of type
conftest.c:54: warning: left shift count >= width of type
conftest.c:56: error: size of array 'off_t_is_large' is negative
conftest.c:59: warning: function declaration isn't a prototype
configure:17648: $? = 1
configure: failed program was:
| /* confdefs.h */
| #define PACKAGE_NAME "transmission"
| #define PACKAGE_TARNAME "transmission"
| #define PACKAGE_VERSION "2.73"
| #define PACKAGE_STRING "transmission 2.73"
| #define PACKAGE_BUGREPORT "http://trac.transmissionbt.com/newticket"
| #define PACKAGE_URL ""
| #define PACKAGE "transmission"
| #define VERSION "2.73"
| #define STDC_HEADERS 1
| #define HAVE_SYS_TYPES_H 1
| #define HAVE_SYS_STAT_H 1
| #define HAVE_STDLIB_H 1
| #define HAVE_STRING_H 1
| #define HAVE_MEMORY_H 1
| #define HAVE_STRINGS_H 1
| #define HAVE_INTTYPES_H 1
| #define HAVE_STDINT_H 1
| #define HAVE_UNISTD_H 1
| #define HAVE_DLFCN_H 1
| #define LT_OBJDIR ".libs/"
| #define STDC_HEADERS 1
| #define TIME_WITH_SYS_TIME 1
| #define HAVE_STDBOOL_H 1
| #define HAVE_ICONV_OPEN 1
| #define HAVE_PREAD 1
| #define HAVE_PWRITE 1
| #define HAVE_STRLCPY 1
| #define HAVE_DAEMON 1
| #define HAVE_DIRNAME 1
| #define HAVE_BASENAME 1
| #define HAVE_STRCASECMP 1
| #define HAVE_LOCALTIME_R 1
| #define HAVE_POSIX_FALLOCATE 1
| #define HAVE_MEMMEM 1
| #define HAVE_STRSEP 1
| #define HAVE_STRTOLD 1
| #define HAVE_SYSLOG 1
| #define HAVE_VALLOC 1
| #define HAVE_GETPAGESIZE 1
| #define HAVE_POSIX_MEMALIGN 1
| #define HAVE_STATVFS 1
| #define HAVE_MKDTEMP 1
| #define HAVE_PTHREAD 1
| #define HAVE__TMP_DUMMY1_ZLIB_H 1
| #define HAVE_ZLIB 1
| /* end confdefs.h.  */
| #include <sys/types.h>
|  /* Check that off_t can represent 2**63 - 1 correctly.
|     We can't simply define LARGE_OFF_T to be 9223372036854775807,
|     since some C++ compilers masquerading as C compilers
|     incorrectly reject 9223372036854775807.  */
| #define LARGE_OFF_T (((off_t) 1 << 62) - 1 + ((off_t) 1 << 62))
|   int off_t_is_large[(LARGE_OFF_T % 2147483629 == 721
| 		       && LARGE_OFF_T % 2147483647 == 1)
| 		      ? 1 : -1];
| int
| main ()
| {
| 
|   ;
|   return 0;
| }
configure:17672: /rsdk-4.4.7-5281-EB-2.6.30-0.9.33-m32ut-140520/bin/rsdk-linux-gcc -c -g -O2 -std=gnu99 -ggdb3 -Wall -W -Wpointer-arith -Wformat-security -Wcast-align -Wundef -Wcast-align -Wstrict-prototypes -Wmissing-declarations -Wmissing-format-attribute -Wredundant-decls -Wnested-externs -Wunused-parameter -Wwrite-strings -Winline -Wfloat-equal -Wextra -Wdeclaration-after-statement -Winit-self -Wvariadic-macros  -DNDEBUG conftest.c >&5
conftest.c:60: warning: function declaration isn't a prototype
configure:17672: $? = 0
configure:17680: result: 64
configure:17767: checking for lseek64
configure:17767: /rsdk-4.4.7-5281-EB-2.6.30-0.9.33-m32ut-140520/bin/rsdk-linux-gcc -o conftest -g -O2 -std=gnu99 -ggdb3 -Wall -W -Wpointer-arith -Wformat-security -Wcast-align -Wundef -Wcast-align -Wstrict-prototypes -Wmissing-declarations -Wmissing-format-attribute -Wredundant-decls -Wnested-externs -Wunused-parameter -Wwrite-strings -Winline -Wfloat-equal -Wextra -Wdeclaration-after-statement -Winit-self -Wvariadic-macros  -DNDEBUG  conftest.c -lm -L/home/ql_xu/develop/uClinux-dist/lib/zlib -lz >&5
conftest.c:72: warning: function declaration isn't a prototype
conftest.c:82: warning: function declaration isn't a prototype
configure:17767: $? = 0
configure:17767: result: yes
configure:17779: checking whether posix_fadvise is declared
configure:17779: /rsdk-4.4.7-5281-EB-2.6.30-0.9.33-m32ut-140520/bin/rsdk-linux-gcc -c -g -O2 -std=gnu99 -ggdb3 -Wall -W -Wpointer-arith -Wformat-security -Wcast-align -Wundef -Wcast-align -Wstrict-prototypes -Wmissing-declarations -Wmissing-format-attribute -Wredundant-decls -Wnested-externs -Wunused-parameter -Wwrite-strings -Winline -Wfloat-equal -Wextra -Wdeclaration-after-statement -Winit-self -Wvariadic-macros  -DNDEBUG conftest.c >&5
conftest.c:56: warning: function declaration isn't a prototype
configure:17779: $? = 0
configure:17779: result: yes
configure:17795: checking for posix_fadvise
configure:17795: /rsdk-4.4.7-5281-EB-2.6.30-0.9.33-m32ut-140520/bin/rsdk-linux-gcc -o conftest -g -O2 -std=gnu99 -ggdb3 -Wall -W -Wpointer-arith -Wformat-security -Wcast-align -Wundef -Wcast-align -Wstrict-prototypes -Wmissing-declarations -Wmissing-format-attribute -Wredundant-decls -Wnested-externs -Wunused-parameter -Wwrite-strings -Winline -Wfloat-equal -Wextra -Wdeclaration-after-statement -Winit-self -Wvariadic-macros  -DNDEBUG  conftest.c -lm -L/home/ql_xu/develop/uClinux-dist/lib/zlib -lz >&5
conftest.c:74: warning: function declaration isn't a prototype
conftest.c:84: warning: function declaration isn't a prototype
configure:17795: $? = 0
configure:17795: result: yes
configure:17807: checking sys/inotify.h usability
configure:17807: /rsdk-4.4.7-5281-EB-2.6.30-0.9.33-m32ut-140520/bin/rsdk-linux-gcc -c -g -O2 -std=gnu99 -ggdb3 -Wall -W -Wpointer-arith -Wformat-security -Wcast-align -Wundef -Wcast-align -Wstrict-prototypes -Wmissing-declarations -Wmissing-format-attribute -Wredundant-decls -Wnested-externs -Wunused-parameter -Wwrite-strings -Winline -Wfloat-equal -Wextra -Wdeclaration-after-statement -Winit-self -Wvariadic-macros  -DNDEBUG conftest.c >&5
configure:17807: $? = 0
configure:17807: result: yes
configure:17807: checking sys/inotify.h presence
configure:17807: /rsdk-4.4.7-5281-EB-2.6.30-0.9.33-m32ut-140520/bin/rsdk-linux-gcc -E  -DNDEBUG conftest.c
configure:17807: $? = 0
configure:17807: result: yes
configure:17807: checking for sys/inotify.h
configure:17807: result: yes
configure:17809: checking for inotify_init
configure:17809: /rsdk-4.4.7-5281-EB-2.6.30-0.9.33-m32ut-140520/bin/rsdk-linux-gcc -o conftest -g -O2 -std=gnu99 -ggdb3 -Wall -W -Wpointer-arith -Wformat-security -Wcast-align -Wundef -Wcast-align -Wstrict-prototypes -Wmissing-declarations -Wmissing-format-attribute -Wredundant-decls -Wnested-externs -Wunused-parameter -Wwrite-strings -Winline -Wfloat-equal -Wextra -Wdeclaration-after-statement -Winit-self -Wvariadic-macros  -DNDEBUG  conftest.c -lm -L/home/ql_xu/develop/uClinux-dist/lib/zlib -lz >&5
conftest.c:75: warning: function declaration isn't a prototype
conftest.c:85: warning: function declaration isn't a prototype
configure:17809: $? = 0
configure:17809: result: yes
configure:17838: checking sys/event.h usability
configure:17838: /rsdk-4.4.7-5281-EB-2.6.30-0.9.33-m32ut-140520/bin/rsdk-linux-gcc -c -g -O2 -std=gnu99 -ggdb3 -Wall -W -Wpointer-arith -Wformat-security -Wcast-align -Wundef -Wcast-align -Wstrict-prototypes -Wmissing-declarations -Wmissing-format-attribute -Wredundant-decls -Wnested-externs -Wunused-parameter -Wwrite-strings -Winline -Wfloat-equal -Wextra -Wdeclaration-after-statement -Winit-self -Wvariadic-macros  -DNDEBUG conftest.c >&5
conftest.c:86:23: error: sys/event.h: No such file or directory
configure:17838: $? = 1
configure: failed program was:
| /* confdefs.h */
| #define PACKAGE_NAME "transmission"
| #define PACKAGE_TARNAME "transmission"
| #define PACKAGE_VERSION "2.73"
| #define PACKAGE_STRING "transmission 2.73"
| #define PACKAGE_BUGREPORT "http://trac.transmissionbt.com/newticket"
| #define PACKAGE_URL ""
| #define PACKAGE "transmission"
| #define VERSION "2.73"
| #define STDC_HEADERS 1
| #define HAVE_SYS_TYPES_H 1
| #define HAVE_SYS_STAT_H 1
| #define HAVE_STDLIB_H 1
| #define HAVE_STRING_H 1
| #define HAVE_MEMORY_H 1
| #define HAVE_STRINGS_H 1
| #define HAVE_INTTYPES_H 1
| #define HAVE_STDINT_H 1
| #define HAVE_UNISTD_H 1
| #define HAVE_DLFCN_H 1
| #define LT_OBJDIR ".libs/"
| #define STDC_HEADERS 1
| #define TIME_WITH_SYS_TIME 1
| #define HAVE_STDBOOL_H 1
| #define HAVE_ICONV_OPEN 1
| #define HAVE_PREAD 1
| #define HAVE_PWRITE 1
| #define HAVE_STRLCPY 1
| #define HAVE_DAEMON 1
| #define HAVE_DIRNAME 1
| #define HAVE_BASENAME 1
| #define HAVE_STRCASECMP 1
| #define HAVE_LOCALTIME_R 1
| #define HAVE_POSIX_FALLOCATE 1
| #define HAVE_MEMMEM 1
| #define HAVE_STRSEP 1
| #define HAVE_STRTOLD 1
| #define HAVE_SYSLOG 1
| #define HAVE_VALLOC 1
| #define HAVE_GETPAGESIZE 1
| #define HAVE_POSIX_MEMALIGN 1
| #define HAVE_STATVFS 1
| #define HAVE_MKDTEMP 1
| #define HAVE_PTHREAD 1
| #define HAVE__TMP_DUMMY1_ZLIB_H 1
| #define HAVE_ZLIB 1
| #define _FILE_OFFSET_BITS 64
| #define HAVE_LSEEK64 1
| #define HAVE_DECL_POSIX_FADVISE 1
| #define HAVE_POSIX_FADVISE 1
| #define WITH_INOTIFY 1
| /* end confdefs.h.  */
| #include <stdio.h>
| #ifdef HAVE_SYS_TYPES_H
| # include <sys/types.h>
| #endif
| #ifdef HAVE_SYS_STAT_H
| # include <sys/stat.h>
| #endif
| #ifdef STDC_HEADERS
| # include <stdlib.h>
| # include <stddef.h>
| #else
| # ifdef HAVE_STDLIB_H
| #  include <stdlib.h>
| # endif
| #endif
| #ifdef HAVE_STRING_H
| # if !defined STDC_HEADERS && defined HAVE_MEMORY_H
| #  include <memory.h>
| # endif
| # include <string.h>
| #endif
| #ifdef HAVE_STRINGS_H
| # include <strings.h>
| #endif
| #ifdef HAVE_INTTYPES_H
| # include <inttypes.h>
| #endif
| #ifdef HAVE_STDINT_H
| # include <stdint.h>
| #endif
| #ifdef HAVE_UNISTD_H
| # include <unistd.h>
| #endif
| #include <sys/event.h>
configure:17838: result: no
configure:17838: checking sys/event.h presence
configure:17838: /rsdk-4.4.7-5281-EB-2.6.30-0.9.33-m32ut-140520/bin/rsdk-linux-gcc -E  -DNDEBUG conftest.c
conftest.c:53:23: error: sys/event.h: No such file or directory
configure:17838: $? = 1
configure: failed program was:
| /* confdefs.h */
| #define PACKAGE_NAME "transmission"
| #define PACKAGE_TARNAME "transmission"
| #define PACKAGE_VERSION "2.73"
| #define PACKAGE_STRING "transmission 2.73"
| #define PACKAGE_BUGREPORT "http://trac.transmissionbt.com/newticket"
| #define PACKAGE_URL ""
| #define PACKAGE "transmission"
| #define VERSION "2.73"
| #define STDC_HEADERS 1
| #define HAVE_SYS_TYPES_H 1
| #define HAVE_SYS_STAT_H 1
| #define HAVE_STDLIB_H 1
| #define HAVE_STRING_H 1
| #define HAVE_MEMORY_H 1
| #define HAVE_STRINGS_H 1
| #define HAVE_INTTYPES_H 1
| #define HAVE_STDINT_H 1
| #define HAVE_UNISTD_H 1
| #define HAVE_DLFCN_H 1
| #define LT_OBJDIR ".libs/"
| #define STDC_HEADERS 1
| #define TIME_WITH_SYS_TIME 1
| #define HAVE_STDBOOL_H 1
| #define HAVE_ICONV_OPEN 1
| #define HAVE_PREAD 1
| #define HAVE_PWRITE 1
| #define HAVE_STRLCPY 1
| #define HAVE_DAEMON 1
| #define HAVE_DIRNAME 1
| #define HAVE_BASENAME 1
| #define HAVE_STRCASECMP 1
| #define HAVE_LOCALTIME_R 1
| #define HAVE_POSIX_FALLOCATE 1
| #define HAVE_MEMMEM 1
| #define HAVE_STRSEP 1
| #define HAVE_STRTOLD 1
| #define HAVE_SYSLOG 1
| #define HAVE_VALLOC 1
| #define HAVE_GETPAGESIZE 1
| #define HAVE_POSIX_MEMALIGN 1
| #define HAVE_STATVFS 1
| #define HAVE_MKDTEMP 1
| #define HAVE_PTHREAD 1
| #define HAVE__TMP_DUMMY1_ZLIB_H 1
| #define HAVE_ZLIB 1
| #define _FILE_OFFSET_BITS 64
| #define HAVE_LSEEK64 1
| #define HAVE_DECL_POSIX_FADVISE 1
| #define HAVE_POSIX_FADVISE 1
| #define WITH_INOTIFY 1
| /* end confdefs.h.  */
| #include <sys/event.h>
configure:17838: result: no
configure:17838: checking for sys/event.h
configure:17838: result: no
configure:17873: checking sys/statvfs.h usability
configure:17873: /rsdk-4.4.7-5281-EB-2.6.30-0.9.33-m32ut-140520/bin/rsdk-linux-gcc -c -g -O2 -std=gnu99 -ggdb3 -Wall -W -Wpointer-arith -Wformat-security -Wcast-align -Wundef -Wcast-align -Wstrict-prototypes -Wmissing-declarations -Wmissing-format-attribute -Wredundant-decls -Wnested-externs -Wunused-parameter -Wwrite-strings -Winline -Wfloat-equal -Wextra -Wdeclaration-after-statement -Winit-self -Wvariadic-macros  -DNDEBUG conftest.c >&5
configure:17873: $? = 0
configure:17873: result: yes
configure:17873: checking sys/statvfs.h presence
configure:17873: /rsdk-4.4.7-5281-EB-2.6.30-0.9.33-m32ut-140520/bin/rsdk-linux-gcc -E  -DNDEBUG conftest.c
configure:17873: $? = 0
configure:17873: result: yes
configure:17873: checking for sys/statvfs.h
configure:17873: result: yes
configure:17873: checking xfs/xfs.h usability
configure:17873: /rsdk-4.4.7-5281-EB-2.6.30-0.9.33-m32ut-140520/bin/rsdk-linux-gcc -c -g -O2 -std=gnu99 -ggdb3 -Wall -W -Wpointer-arith -Wformat-security -Wcast-align -Wundef -Wcast-align -Wstrict-prototypes -Wmissing-declarations -Wmissing-format-attribute -Wredundant-decls -Wnested-externs -Wunused-parameter -Wwrite-strings -Winline -Wfloat-equal -Wextra -Wdeclaration-after-statement -Winit-self -Wvariadic-macros  -DNDEBUG conftest.c >&5
conftest.c:87:21: error: xfs/xfs.h: No such file or directory
configure:17873: $? = 1
configure: failed program was:
| /* confdefs.h */
| #define PACKAGE_NAME "transmission"
| #define PACKAGE_TARNAME "transmission"
| #define PACKAGE_VERSION "2.73"
| #define PACKAGE_STRING "transmission 2.73"
| #define PACKAGE_BUGREPORT "http://trac.transmissionbt.com/newticket"
| #define PACKAGE_URL ""
| #define PACKAGE "transmission"
| #define VERSION "2.73"
| #define STDC_HEADERS 1
| #define HAVE_SYS_TYPES_H 1
| #define HAVE_SYS_STAT_H 1
| #define HAVE_STDLIB_H 1
| #define HAVE_STRING_H 1
| #define HAVE_MEMORY_H 1
| #define HAVE_STRINGS_H 1
| #define HAVE_INTTYPES_H 1
| #define HAVE_STDINT_H 1
| #define HAVE_UNISTD_H 1
| #define HAVE_DLFCN_H 1
| #define LT_OBJDIR ".libs/"
| #define STDC_HEADERS 1
| #define TIME_WITH_SYS_TIME 1
| #define HAVE_STDBOOL_H 1
| #define HAVE_ICONV_OPEN 1
| #define HAVE_PREAD 1
| #define HAVE_PWRITE 1
| #define HAVE_STRLCPY 1
| #define HAVE_DAEMON 1
| #define HAVE_DIRNAME 1
| #define HAVE_BASENAME 1
| #define HAVE_STRCASECMP 1
| #define HAVE_LOCALTIME_R 1
| #define HAVE_POSIX_FALLOCATE 1
| #define HAVE_MEMMEM 1
| #define HAVE_STRSEP 1
| #define HAVE_STRTOLD 1
| #define HAVE_SYSLOG 1
| #define HAVE_VALLOC 1
| #define HAVE_GETPAGESIZE 1
| #define HAVE_POSIX_MEMALIGN 1
| #define HAVE_STATVFS 1
| #define HAVE_MKDTEMP 1
| #define HAVE_PTHREAD 1
| #define HAVE__TMP_DUMMY1_ZLIB_H 1
| #define HAVE_ZLIB 1
| #define _FILE_OFFSET_BITS 64
| #define HAVE_LSEEK64 1
| #define HAVE_DECL_POSIX_FADVISE 1
| #define HAVE_POSIX_FADVISE 1
| #define WITH_INOTIFY 1
| #define HAVE_SYS_STATVFS_H 1
| /* end confdefs.h.  */
| #include <stdio.h>
| #ifdef HAVE_SYS_TYPES_H
| # include <sys/types.h>
| #endif
| #ifdef HAVE_SYS_STAT_H
| # include <sys/stat.h>
| #endif
| #ifdef STDC_HEADERS
| # include <stdlib.h>
| # include <stddef.h>
| #else
| # ifdef HAVE_STDLIB_H
| #  include <stdlib.h>
| # endif
| #endif
| #ifdef HAVE_STRING_H
| # if !defined STDC_HEADERS && defined HAVE_MEMORY_H
| #  include <memory.h>
| # endif
| # include <string.h>
| #endif
| #ifdef HAVE_STRINGS_H
| # include <strings.h>
| #endif
| #ifdef HAVE_INTTYPES_H
| # include <inttypes.h>
| #endif
| #ifdef HAVE_STDINT_H
| # include <stdint.h>
| #endif
| #ifdef HAVE_UNISTD_H
| # include <unistd.h>
| #endif
| #include <xfs/xfs.h>
configure:17873: result: no
configure:17873: checking xfs/xfs.h presence
configure:17873: /rsdk-4.4.7-5281-EB-2.6.30-0.9.33-m32ut-140520/bin/rsdk-linux-gcc -E  -DNDEBUG conftest.c
conftest.c:54:21: error: xfs/xfs.h: No such file or directory
configure:17873: $? = 1
configure: failed program was:
| /* confdefs.h */
| #define PACKAGE_NAME "transmission"
| #define PACKAGE_TARNAME "transmission"
| #define PACKAGE_VERSION "2.73"
| #define PACKAGE_STRING "transmission 2.73"
| #define PACKAGE_BUGREPORT "http://trac.transmissionbt.com/newticket"
| #define PACKAGE_URL ""
| #define PACKAGE "transmission"
| #define VERSION "2.73"
| #define STDC_HEADERS 1
| #define HAVE_SYS_TYPES_H 1
| #define HAVE_SYS_STAT_H 1
| #define HAVE_STDLIB_H 1
| #define HAVE_STRING_H 1
| #define HAVE_MEMORY_H 1
| #define HAVE_STRINGS_H 1
| #define HAVE_INTTYPES_H 1
| #define HAVE_STDINT_H 1
| #define HAVE_UNISTD_H 1
| #define HAVE_DLFCN_H 1
| #define LT_OBJDIR ".libs/"
| #define STDC_HEADERS 1
| #define TIME_WITH_SYS_TIME 1
| #define HAVE_STDBOOL_H 1
| #define HAVE_ICONV_OPEN 1
| #define HAVE_PREAD 1
| #define HAVE_PWRITE 1
| #define HAVE_STRLCPY 1
| #define HAVE_DAEMON 1
| #define HAVE_DIRNAME 1
| #define HAVE_BASENAME 1
| #define HAVE_STRCASECMP 1
| #define HAVE_LOCALTIME_R 1
| #define HAVE_POSIX_FALLOCATE 1
| #define HAVE_MEMMEM 1
| #define HAVE_STRSEP 1
| #define HAVE_STRTOLD 1
| #define HAVE_SYSLOG 1
| #define HAVE_VALLOC 1
| #define HAVE_GETPAGESIZE 1
| #define HAVE_POSIX_MEMALIGN 1
| #define HAVE_STATVFS 1
| #define HAVE_MKDTEMP 1
| #define HAVE_PTHREAD 1
| #define HAVE__TMP_DUMMY1_ZLIB_H 1
| #define HAVE_ZLIB 1
| #define _FILE_OFFSET_BITS 64
| #define HAVE_LSEEK64 1
| #define HAVE_DECL_POSIX_FADVISE 1
| #define HAVE_POSIX_FADVISE 1
| #define WITH_INOTIFY 1
| #define HAVE_SYS_STATVFS_H 1
| /* end confdefs.h.  */
| #include <xfs/xfs.h>
configure:17873: result: no
configure:17873: checking for xfs/xfs.h
configure:17873: result: no
configure:17893: checking for clock_gettime in -lrt
configure:17918: /rsdk-4.4.7-5281-EB-2.6.30-0.9.33-m32ut-140520/bin/rsdk-linux-gcc -o conftest -g -O2 -std=gnu99 -ggdb3 -Wall -W -Wpointer-arith -Wformat-security -Wcast-align -Wundef -Wcast-align -Wstrict-prototypes -Wmissing-declarations -Wmissing-format-attribute -Wredundant-decls -Wnested-externs -Wunused-parameter -Wwrite-strings -Winline -Wfloat-equal -Wextra -Wdeclaration-after-statement -Winit-self -Wvariadic-macros  -DNDEBUG  conftest.c -lrt  -lm -L/home/ql_xu/develop/uClinux-dist/lib/zlib -lz >&5
conftest.c:61: warning: function declaration isn't a prototype
conftest.c:64: warning: function declaration isn't a prototype
configure:17918: $? = 0
configure:17927: result: yes
configure:17936: checking TP
configure:17978: result: yes
configure:17983: checking supported miniupnp library
configure:18016: /rsdk-4.4.7-5281-EB-2.6.30-0.9.33-m32ut-140520/bin/rsdk-linux-gcc -o conftest -g -O2 -std=gnu99 -ggdb3 -Wall -W -Wpointer-arith -Wformat-security -Wcast-align -Wundef -Wcast-align -Wstrict-prototypes -Wmissing-declarations -Wmissing-format-attribute -Wredundant-decls -Wnested-externs -Wunused-parameter -Wwrite-strings -Winline -Wfloat-equal -Wextra -Wdeclaration-after-statement -Winit-self -Wvariadic-macros  -DNDEBUG  conftest.c -lminiupnpc >&5
conftest.c:57:37: error: miniupnpc/miniupnpc.h: No such file or directory
conftest.c:58:40: error: miniupnpc/upnpcommands.h: No such file or directory
conftest.c:62: warning: function declaration isn't a prototype
conftest.c: In function 'main':
conftest.c:65: error: storage size of 'urls' isn't known
conftest.c:66: error: storage size of 'data' isn't known
conftest.c:71: warning: implicit declaration of function 'upnpDiscover'
conftest.c:71: warning: nested extern declaration of 'upnpDiscover'
conftest.c:72: warning: implicit declaration of function 'UPNP_GetValidIGD'
conftest.c:72: warning: nested extern declaration of 'UPNP_GetValidIGD'
conftest.c:73: warning: implicit declaration of function 'UPNP_GetSpecificPortMappingEntry'
conftest.c:73: warning: nested extern declaration of 'UPNP_GetSpecificPortMappingEntry'
conftest.c:66: warning: unused variable 'data'
conftest.c:65: warning: unused variable 'urls'
configure:18016: $? = 1
configure: failed program was:
| /* confdefs.h */
| #define PACKAGE_NAME "transmission"
| #define PACKAGE_TARNAME "transmission"
| #define PACKAGE_VERSION "2.73"
| #define PACKAGE_STRING "transmission 2.73"
| #define PACKAGE_BUGREPORT "http://trac.transmissionbt.com/newticket"
| #define PACKAGE_URL ""
| #define PACKAGE "transmission"
| #define VERSION "2.73"
| #define STDC_HEADERS 1
| #define HAVE_SYS_TYPES_H 1
| #define HAVE_SYS_STAT_H 1
| #define HAVE_STDLIB_H 1
| #define HAVE_STRING_H 1
| #define HAVE_MEMORY_H 1
| #define HAVE_STRINGS_H 1
| #define HAVE_INTTYPES_H 1
| #define HAVE_STDINT_H 1
| #define HAVE_UNISTD_H 1
| #define HAVE_DLFCN_H 1
| #define LT_OBJDIR ".libs/"
| #define STDC_HEADERS 1
| #define TIME_WITH_SYS_TIME 1
| #define HAVE_STDBOOL_H 1
| #define HAVE_ICONV_OPEN 1
| #define HAVE_PREAD 1
| #define HAVE_PWRITE 1
| #define HAVE_STRLCPY 1
| #define HAVE_DAEMON 1
| #define HAVE_DIRNAME 1
| #define HAVE_BASENAME 1
| #define HAVE_STRCASECMP 1
| #define HAVE_LOCALTIME_R 1
| #define HAVE_POSIX_FALLOCATE 1
| #define HAVE_MEMMEM 1
| #define HAVE_STRSEP 1
| #define HAVE_STRTOLD 1
| #define HAVE_SYSLOG 1
| #define HAVE_VALLOC 1
| #define HAVE_GETPAGESIZE 1
| #define HAVE_POSIX_MEMALIGN 1
| #define HAVE_STATVFS 1
| #define HAVE_MKDTEMP 1
| #define HAVE_PTHREAD 1
| #define HAVE__TMP_DUMMY1_ZLIB_H 1
| #define HAVE_ZLIB 1
| #define _FILE_OFFSET_BITS 64
| #define HAVE_LSEEK64 1
| #define HAVE_DECL_POSIX_FADVISE 1
| #define HAVE_POSIX_FADVISE 1
| #define WITH_INOTIFY 1
| #define HAVE_SYS_STATVFS_H 1
| #define WITH_UTP 1
| /* end confdefs.h.  */
| 
|     #include <stdlib.h>
|     #include <miniupnpc/miniupnpc.h>
|     #include <miniupnpc/upnpcommands.h>
| 
| int
| main ()
| {
| 
|     struct UPNPDev * devlist;
|     struct UPNPUrls    urls;
|     struct IGDdatas    data;
|     char lanaddr[16];
|     char portStr[8];
|     char intPort[8];
|     char intClient[16];
|     upnpDiscover( 2000, NULL, NULL, 0 );
|     UPNP_GetValidIGD( devlist, &urls, &data, lanaddr, sizeof( lanaddr ) );
|     UPNP_GetSpecificPortMappingEntry( urls.controlURL, data.first.servicetype,
|                         portStr, "TCP", intClient, intPort );
| 
|   ;
|   return 0;
| }
configure:18055: /rsdk-4.4.7-5281-EB-2.6.30-0.9.33-m32ut-140520/bin/rsdk-linux-gcc -o conftest -g -O2 -std=gnu99 -ggdb3 -Wall -W -Wpointer-arith -Wformat-security -Wcast-align -Wundef -Wcast-align -Wstrict-prototypes -Wmissing-declarations -Wmissing-format-attribute -Wredundant-decls -Wnested-externs -Wunused-parameter -Wwrite-strings -Winline -Wfloat-equal -Wextra -Wdeclaration-after-statement -Winit-self -Wvariadic-macros  -DNDEBUG  conftest.c -lminiupnpc >&5
conftest.c:58:37: error: miniupnpc/miniupnpc.h: No such file or directory
conftest.c:59:40: error: miniupnpc/upnpcommands.h: No such file or directory
conftest.c:63: warning: function declaration isn't a prototype
conftest.c: In function 'main':
conftest.c:66: error: storage size of 'urls' isn't known
conftest.c:67: error: storage size of 'data' isn't known
conftest.c:72: warning: implicit declaration of function 'upnpDiscover'
conftest.c:72: warning: nested extern declaration of 'upnpDiscover'
conftest.c:73: warning: implicit declaration of function 'UPNP_GetValidIGD'
conftest.c:73: warning: nested extern declaration of 'UPNP_GetValidIGD'
conftest.c:74: warning: implicit declaration of function 'UPNP_GetSpecificPortMappingEntry'
conftest.c:74: warning: nested extern declaration of 'UPNP_GetSpecificPortMappingEntry'
conftest.c:67: warning: unused variable 'data'
conftest.c:66: warning: unused variable 'urls'
configure:18055: $? = 1
configure: failed program was:
| /* confdefs.h */
| #define PACKAGE_NAME "transmission"
| #define PACKAGE_TARNAME "transmission"
| #define PACKAGE_VERSION "2.73"
| #define PACKAGE_STRING "transmission 2.73"
| #define PACKAGE_BUGREPORT "http://trac.transmissionbt.com/newticket"
| #define PACKAGE_URL ""
| #define PACKAGE "transmission"
| #define VERSION "2.73"
| #define STDC_HEADERS 1
| #define HAVE_SYS_TYPES_H 1
| #define HAVE_SYS_STAT_H 1
| #define HAVE_STDLIB_H 1
| #define HAVE_STRING_H 1
| #define HAVE_MEMORY_H 1
| #define HAVE_STRINGS_H 1
| #define HAVE_INTTYPES_H 1
| #define HAVE_STDINT_H 1
| #define HAVE_UNISTD_H 1
| #define HAVE_DLFCN_H 1
| #define LT_OBJDIR ".libs/"
| #define STDC_HEADERS 1
| #define TIME_WITH_SYS_TIME 1
| #define HAVE_STDBOOL_H 1
| #define HAVE_ICONV_OPEN 1
| #define HAVE_PREAD 1
| #define HAVE_PWRITE 1
| #define HAVE_STRLCPY 1
| #define HAVE_DAEMON 1
| #define HAVE_DIRNAME 1
| #define HAVE_BASENAME 1
| #define HAVE_STRCASECMP 1
| #define HAVE_LOCALTIME_R 1
| #define HAVE_POSIX_FALLOCATE 1
| #define HAVE_MEMMEM 1
| #define HAVE_STRSEP 1
| #define HAVE_STRTOLD 1
| #define HAVE_SYSLOG 1
| #define HAVE_VALLOC 1
| #define HAVE_GETPAGESIZE 1
| #define HAVE_POSIX_MEMALIGN 1
| #define HAVE_STATVFS 1
| #define HAVE_MKDTEMP 1
| #define HAVE_PTHREAD 1
| #define HAVE__TMP_DUMMY1_ZLIB_H 1
| #define HAVE_ZLIB 1
| #define _FILE_OFFSET_BITS 64
| #define HAVE_LSEEK64 1
| #define HAVE_DECL_POSIX_FADVISE 1
| #define HAVE_POSIX_FADVISE 1
| #define WITH_INOTIFY 1
| #define HAVE_SYS_STATVFS_H 1
| #define WITH_UTP 1
| /* end confdefs.h.  */
| 
|     #include <stdlib.h>
|     #include <errno.h>
|     #include <miniupnpc/miniupnpc.h>
|     #include <miniupnpc/upnpcommands.h>
| 
| int
| main ()
| {
| 
|     struct UPNPDev * devlist;
|     struct UPNPUrls    urls;
|     struct IGDdatas    data;
|     char lanaddr[16];
|     char portStr[8];
|     char intPort[8];
|     char intClient[16];
|     upnpDiscover( 2000, NULL, NULL, 0, 0, &errno );
|     UPNP_GetValidIGD( devlist, &urls, &data, lanaddr, sizeof( lanaddr ) );
|     UPNP_GetSpecificPortMappingEntry( urls.controlURL, data.first.servicetype,
|                         portStr, "TCP", intClient, intPort, NULL, NULL, NULL );
| 
|   ;
|   return 0;
| }
configure:18067: result: none
configure:18142: $PKG_CONFIG --exists --print-errors "gtk+-3.0 >= $GTK_MINIMUM
                  glib-2.0 >= $GLIB_MINIMUM
                  gio-2.0 >= $GIO_MINIMUM,
                  gmodule-2.0 >= $GLIB_MINIMUM
                  gthread-2.0 >= $GLIB_MINIMUM"
Package gtk+-3.0 was not found in the pkg-config search path.
Perhaps you should add the directory containing `gtk+-3.0.pc'
to the PKG_CONFIG_PATH environment variable
No package 'gtk+-3.0' found
Requested 'glib-2.0 >= 2.32.0' but version of GLib is 2.24.1
Requested 'gio-2.0 >= 2.26.0' but version of GIO is 2.24.1
Requested 'gmodule-2.0 >= 2.32.0' but version of GModule is 2.24.1
Requested 'gthread-2.0 >= 2.32.0' but version of GThread is 2.24.1
configure:18149: $? = 1
configure:18390: checking whether NLS is requested
configure:18399: result: yes
configure:18417: checking for intltool >= 0.35.0
configure:18419: result: 0.41.0 found
configure:18427: checking for intltool-update
configure:18445: found /usr/bin/intltool-update
configure:18457: result: /usr/bin/intltool-update
configure:18467: checking for intltool-merge
configure:18485: found /usr/bin/intltool-merge
configure:18497: result: /usr/bin/intltool-merge
configure:18507: checking for intltool-extract
configure:18525: found /usr/bin/intltool-extract
configure:18537: result: /usr/bin/intltool-extract
configure:18691: checking for xgettext
configure:18709: found /usr/bin/xgettext
configure:18721: result: /usr/bin/xgettext
configure:18731: checking for msgmerge
configure:18749: found /usr/bin/msgmerge
configure:18761: result: /usr/bin/msgmerge
configure:18771: checking for msgfmt
configure:18789: found /usr/bin/msgfmt
configure:18801: result: /usr/bin/msgfmt
configure:18811: checking for gmsgfmt
configure:18842: result: /usr/bin/msgfmt
configure:18862: checking for perl
configure:18880: found /usr/bin/perl
configure:18892: result: /usr/bin/perl
configure:18903: checking for perl >= 5.8.1
configure:18910: result: 5.10.1
configure:18942: /rsdk-4.4.7-5281-EB-2.6.30-0.9.33-m32ut-140520/bin/rsdk-linux-gcc -o conftest -g -O2 -std=gnu99 -ggdb3 -Wall -W -Wpointer-arith -Wformat-security -Wcast-align -Wundef -Wcast-align -Wstrict-prototypes -Wmissing-declarations -Wmissing-format-attribute -Wredundant-decls -Wnested-externs -Wunused-parameter -Wwrite-strings -Winline -Wfloat-equal -Wextra -Wdeclaration-after-statement -Winit-self -Wvariadic-macros  -DNDEBUG  conftest.c -lm -L/home/ql_xu/develop/uClinux-dist/lib/zlib -lz >&5
conftest.c:59: warning: function declaration isn't a prototype
conftest.c: In function 'main':
conftest.c:60: warning: nested extern declaration of '_nl_msg_cat_cntr'
/tmp/ccaUJX8K.o: In function `main':
/home/ql_xu/develop/uClinux-dist/user/transmission-2.73/conftest.c:59: undefined reference to `_nl_msg_cat_cntr'
/home/ql_xu/develop/uClinux-dist/user/transmission-2.73/conftest.c:64: undefined reference to `_nl_msg_cat_cntr'
collect2: ld returned 1 exit status
configure:18942: $? = 1
configure: failed program was:
| /* confdefs.h */
| #define PACKAGE_NAME "transmission"
| #define PACKAGE_TARNAME "transmission"
| #define PACKAGE_VERSION "2.73"
| #define PACKAGE_STRING "transmission 2.73"
| #define PACKAGE_BUGREPORT "http://trac.transmissionbt.com/newticket"
| #define PACKAGE_URL ""
| #define PACKAGE "transmission"
| #define VERSION "2.73"
| #define STDC_HEADERS 1
| #define HAVE_SYS_TYPES_H 1
| #define HAVE_SYS_STAT_H 1
| #define HAVE_STDLIB_H 1
| #define HAVE_STRING_H 1
| #define HAVE_MEMORY_H 1
| #define HAVE_STRINGS_H 1
| #define HAVE_INTTYPES_H 1
| #define HAVE_STDINT_H 1
| #define HAVE_UNISTD_H 1
| #define HAVE_DLFCN_H 1
| #define LT_OBJDIR ".libs/"
| #define STDC_HEADERS 1
| #define TIME_WITH_SYS_TIME 1
| #define HAVE_STDBOOL_H 1
| #define HAVE_ICONV_OPEN 1
| #define HAVE_PREAD 1
| #define HAVE_PWRITE 1
| #define HAVE_STRLCPY 1
| #define HAVE_DAEMON 1
| #define HAVE_DIRNAME 1
| #define HAVE_BASENAME 1
| #define HAVE_STRCASECMP 1
| #define HAVE_LOCALTIME_R 1
| #define HAVE_POSIX_FALLOCATE 1
| #define HAVE_MEMMEM 1
| #define HAVE_STRSEP 1
| #define HAVE_STRTOLD 1
| #define HAVE_SYSLOG 1
| #define HAVE_VALLOC 1
| #define HAVE_GETPAGESIZE 1
| #define HAVE_POSIX_MEMALIGN 1
| #define HAVE_STATVFS 1
| #define HAVE_MKDTEMP 1
| #define HAVE_PTHREAD 1
| #define HAVE__TMP_DUMMY1_ZLIB_H 1
| #define HAVE_ZLIB 1
| #define _FILE_OFFSET_BITS 64
| #define HAVE_LSEEK64 1
| #define HAVE_DECL_POSIX_FADVISE 1
| #define HAVE_POSIX_FADVISE 1
| #define WITH_INOTIFY 1
| #define HAVE_SYS_STATVFS_H 1
| #define WITH_UTP 1
| #define HAVE_MINIUPNP_16 1
| /* end confdefs.h.  */
| 
| int
| main ()
| {
| extern int _nl_msg_cat_cntr;
|                        return _nl_msg_cat_cntr
|   ;
|   return 0;
| }
configure:18970: checking libintl.h usability
configure:18970: /rsdk-4.4.7-5281-EB-2.6.30-0.9.33-m32ut-140520/bin/rsdk-linux-gcc -c -g -O2 -std=gnu99 -ggdb3 -Wall -W -Wpointer-arith -Wformat-security -Wcast-align -Wundef -Wcast-align -Wstrict-prototypes -Wmissing-declarations -Wmissing-format-attribute -Wredundant-decls -Wnested-externs -Wunused-parameter -Wwrite-strings -Winline -Wfloat-equal -Wextra -Wdeclaration-after-statement -Winit-self -Wvariadic-macros  -DNDEBUG conftest.c >&5
conftest.c:89:21: error: libintl.h: No such file or directory
configure:18970: $? = 1
configure: failed program was:
| /* confdefs.h */
| #define PACKAGE_NAME "transmission"
| #define PACKAGE_TARNAME "transmission"
| #define PACKAGE_VERSION "2.73"
| #define PACKAGE_STRING "transmission 2.73"
| #define PACKAGE_BUGREPORT "http://trac.transmissionbt.com/newticket"
| #define PACKAGE_URL ""
| #define PACKAGE "transmission"
| #define VERSION "2.73"
| #define STDC_HEADERS 1
| #define HAVE_SYS_TYPES_H 1
| #define HAVE_SYS_STAT_H 1
| #define HAVE_STDLIB_H 1
| #define HAVE_STRING_H 1
| #define HAVE_MEMORY_H 1
| #define HAVE_STRINGS_H 1
| #define HAVE_INTTYPES_H 1
| #define HAVE_STDINT_H 1
| #define HAVE_UNISTD_H 1
| #define HAVE_DLFCN_H 1
| #define LT_OBJDIR ".libs/"
| #define STDC_HEADERS 1
| #define TIME_WITH_SYS_TIME 1
| #define HAVE_STDBOOL_H 1
| #define HAVE_ICONV_OPEN 1
| #define HAVE_PREAD 1
| #define HAVE_PWRITE 1
| #define HAVE_STRLCPY 1
| #define HAVE_DAEMON 1
| #define HAVE_DIRNAME 1
| #define HAVE_BASENAME 1
| #define HAVE_STRCASECMP 1
| #define HAVE_LOCALTIME_R 1
| #define HAVE_POSIX_FALLOCATE 1
| #define HAVE_MEMMEM 1
| #define HAVE_STRSEP 1
| #define HAVE_STRTOLD 1
| #define HAVE_SYSLOG 1
| #define HAVE_VALLOC 1
| #define HAVE_GETPAGESIZE 1
| #define HAVE_POSIX_MEMALIGN 1
| #define HAVE_STATVFS 1
| #define HAVE_MKDTEMP 1
| #define HAVE_PTHREAD 1
| #define HAVE__TMP_DUMMY1_ZLIB_H 1
| #define HAVE_ZLIB 1
| #define _FILE_OFFSET_BITS 64
| #define HAVE_LSEEK64 1
| #define HAVE_DECL_POSIX_FADVISE 1
| #define HAVE_POSIX_FADVISE 1
| #define WITH_INOTIFY 1
| #define HAVE_SYS_STATVFS_H 1
| #define WITH_UTP 1
| #define HAVE_MINIUPNP_16 1
| /* end confdefs.h.  */
| #include <stdio.h>
| #ifdef HAVE_SYS_TYPES_H
| # include <sys/types.h>
| #endif
| #ifdef HAVE_SYS_STAT_H
| # include <sys/stat.h>
| #endif
| #ifdef STDC_HEADERS
| # include <stdlib.h>
| # include <stddef.h>
| #else
| # ifdef HAVE_STDLIB_H
| #  include <stdlib.h>
| # endif
| #endif
| #ifdef HAVE_STRING_H
| # if !defined STDC_HEADERS && defined HAVE_MEMORY_H
| #  include <memory.h>
| # endif
| # include <string.h>
| #endif
| #ifdef HAVE_STRINGS_H
| # include <strings.h>
| #endif
| #ifdef HAVE_INTTYPES_H
| # include <inttypes.h>
| #endif
| #ifdef HAVE_STDINT_H
| # include <stdint.h>
| #endif
| #ifdef HAVE_UNISTD_H
| # include <unistd.h>
| #endif
| #include <libintl.h>
configure:18970: result: no
configure:18970: checking libintl.h presence
configure:18970: /rsdk-4.4.7-5281-EB-2.6.30-0.9.33-m32ut-140520/bin/rsdk-linux-gcc -E  -DNDEBUG conftest.c
conftest.c:56:21: error: libintl.h: No such file or directory
configure:18970: $? = 1
configure: failed program was:
| /* confdefs.h */
| #define PACKAGE_NAME "transmission"
| #define PACKAGE_TARNAME "transmission"
| #define PACKAGE_VERSION "2.73"
| #define PACKAGE_STRING "transmission 2.73"
| #define PACKAGE_BUGREPORT "http://trac.transmissionbt.com/newticket"
| #define PACKAGE_URL ""
| #define PACKAGE "transmission"
| #define VERSION "2.73"
| #define STDC_HEADERS 1
| #define HAVE_SYS_TYPES_H 1
| #define HAVE_SYS_STAT_H 1
| #define HAVE_STDLIB_H 1
| #define HAVE_STRING_H 1
| #define HAVE_MEMORY_H 1
| #define HAVE_STRINGS_H 1
| #define HAVE_INTTYPES_H 1
| #define HAVE_STDINT_H 1
| #define HAVE_UNISTD_H 1
| #define HAVE_DLFCN_H 1
| #define LT_OBJDIR ".libs/"
| #define STDC_HEADERS 1
| #define TIME_WITH_SYS_TIME 1
| #define HAVE_STDBOOL_H 1
| #define HAVE_ICONV_OPEN 1
| #define HAVE_PREAD 1
| #define HAVE_PWRITE 1
| #define HAVE_STRLCPY 1
| #define HAVE_DAEMON 1
| #define HAVE_DIRNAME 1
| #define HAVE_BASENAME 1
| #define HAVE_STRCASECMP 1
| #define HAVE_LOCALTIME_R 1
| #define HAVE_POSIX_FALLOCATE 1
| #define HAVE_MEMMEM 1
| #define HAVE_STRSEP 1
| #define HAVE_STRTOLD 1
| #define HAVE_SYSLOG 1
| #define HAVE_VALLOC 1
| #define HAVE_GETPAGESIZE 1
| #define HAVE_POSIX_MEMALIGN 1
| #define HAVE_STATVFS 1
| #define HAVE_MKDTEMP 1
| #define HAVE_PTHREAD 1
| #define HAVE__TMP_DUMMY1_ZLIB_H 1
| #define HAVE_ZLIB 1
| #define _FILE_OFFSET_BITS 64
| #define HAVE_LSEEK64 1
| #define HAVE_DECL_POSIX_FADVISE 1
| #define HAVE_POSIX_FADVISE 1
| #define WITH_INOTIFY 1
| #define HAVE_SYS_STATVFS_H 1
| #define WITH_UTP 1
| #define HAVE_MINIUPNP_16 1
| /* end confdefs.h.  */
| #include <libintl.h>
configure:18970: result: no
configure:18970: checking for libintl.h
configure:18970: result: no
configure:18990: checking locale.h usability
configure:18990: /rsdk-4.4.7-5281-EB-2.6.30-0.9.33-m32ut-140520/bin/rsdk-linux-gcc -c -g -O2 -std=gnu99 -ggdb3 -Wall -W -Wpointer-arith -Wformat-security -Wcast-align -Wundef -Wcast-align -Wstrict-prototypes -Wmissing-declarations -Wmissing-format-attribute -Wredundant-decls -Wnested-externs -Wunused-parameter -Wwrite-strings -Winline -Wfloat-equal -Wextra -Wdeclaration-after-statement -Winit-self -Wvariadic-macros  -DNDEBUG conftest.c >&5
configure:18990: $? = 0
configure:18990: result: yes
configure:18990: checking locale.h presence
configure:18990: /rsdk-4.4.7-5281-EB-2.6.30-0.9.33-m32ut-140520/bin/rsdk-linux-gcc -E  -DNDEBUG conftest.c
configure:18990: $? = 0
configure:18990: result: yes
configure:18990: checking for locale.h
configure:18990: result: yes
configure:19001: checking for LC_MESSAGES
configure:19017: /rsdk-4.4.7-5281-EB-2.6.30-0.9.33-m32ut-140520/bin/rsdk-linux-gcc -o conftest -g -O2 -std=gnu99 -ggdb3 -Wall -W -Wpointer-arith -Wformat-security -Wcast-align -Wundef -Wcast-align -Wstrict-prototypes -Wmissing-declarations -Wmissing-format-attribute -Wredundant-decls -Wnested-externs -Wunused-parameter -Wwrite-strings -Winline -Wfloat-equal -Wextra -Wdeclaration-after-statement -Winit-self -Wvariadic-macros  -DNDEBUG  conftest.c -lm -L/home/ql_xu/develop/uClinux-dist/lib/zlib -lz >&5
conftest.c:61: warning: function declaration isn't a prototype
configure:19017: $? = 0
configure:19025: result: yes
configure:19042: checking for libintl.h
configure:19042: result: no
configure:20098: creating ./config.status

## ---------------------- ##
## Running config.status. ##
## ---------------------- ##

This file was extended by transmission config.status 2.73, which was
generated by GNU Autoconf 2.69.  Invocation command line was

  CONFIG_FILES    = 
  CONFIG_HEADERS  = 
  CONFIG_LINKS    = 
  CONFIG_COMMANDS = 
  $ ./config.status 

on RTK

config.status:1227: creating Makefile
config.status:1227: creating transmission-gtk.spec
config.status:1227: creating cli/Makefile
config.status:1227: creating daemon/Makefile
config.status:1227: creating extras/Makefile
config.status:1227: creating libtransmission/Makefile
config.status:1227: creating utils/Makefile
config.status:1227: creating third-party/Makefile
config.status:1227: creating third-party/dht/Makefile
config.status:1227: creating third-party/libutp/Makefile
config.status:1227: creating third-party/libnatpmp/Makefile
config.status:1227: creating third-party/miniupnp/Makefile
config.status:1227: creating macosx/Makefile
config.status:1227: creating gtk/Makefile
config.status:1227: creating gtk/icons/Makefile
config.status:1227: creating qt/config.pri
config.status:1227: creating web/Makefile
config.status:1227: creating web/images/Makefile
config.status:1227: creating web/style/Makefile
config.status:1227: creating web/style/jqueryui/Makefile
config.status:1227: creating web/style/jqueryui/images/Makefile
config.status:1227: creating web/style/transmission/Makefile
config.status:1227: creating web/style/transmission/images/Makefile
config.status:1227: creating web/style/transmission/images/buttons/Makefile
config.status:1227: creating web/javascript/Makefile
config.status:1227: creating web/javascript/jquery/Makefile
config.status:1227: creating po/Makefile.in
config.status:1399: executing depfiles commands
config.status:1399: executing libtool commands
config.status:1399: executing default-1 commands
config.status:1399: executing po/stamp-it commands
configure:22450: WARNING: unrecognized options: --disable-gtk

## ---------------- ##
## Cache variables. ##
## ---------------- ##

ac_cv_build=i686-pc-linux-gnu
ac_cv_c_compiler_gnu=yes
ac_cv_c_inline=inline
ac_cv_cxx_compiler_gnu=yes
ac_cv_env_CCC_set=
ac_cv_env_CCC_value=
ac_cv_env_CC_set=set
ac_cv_env_CC_value=/rsdk-4.4.7-5281-EB-2.6.30-0.9.33-m32ut-140520/bin/rsdk-linux-gcc
ac_cv_env_CFLAGS_set=
ac_cv_env_CFLAGS_value=
ac_cv_env_CPPFLAGS_set=
ac_cv_env_CPPFLAGS_value=
ac_cv_env_CPP_set=
ac_cv_env_CPP_value=
ac_cv_env_CXXCPP_set=
ac_cv_env_CXXCPP_value=
ac_cv_env_CXXFLAGS_set=
ac_cv_env_CXXFLAGS_value=
ac_cv_env_CXX_set=set
ac_cv_env_CXX_value=/rsdk-4.4.7-5281-EB-2.6.30-0.9.33-m32ut-140520/bin/rsdk-linux-g++
ac_cv_env_GTK_CFLAGS_set=
ac_cv_env_GTK_CFLAGS_value=
ac_cv_env_GTK_LIBS_set=
ac_cv_env_GTK_LIBS_value=
ac_cv_env_LDFLAGS_set=
ac_cv_env_LDFLAGS_value=
ac_cv_env_LIBAPPINDICATOR_CFLAGS_set=
ac_cv_env_LIBAPPINDICATOR_CFLAGS_value=
ac_cv_env_LIBAPPINDICATOR_LIBS_set=
ac_cv_env_LIBAPPINDICATOR_LIBS_value=
ac_cv_env_LIBCURL_CFLAGS_set=set
ac_cv_env_LIBCURL_CFLAGS_value=-I/home/ql_xu/develop/uClinux-dist/user/curl-7.36.0/include
ac_cv_env_LIBCURL_LIBS_set=set
ac_cv_env_LIBCURL_LIBS_value='-L/home/ql_xu/develop/uClinux-dist/user/curl-7.36.0/lib/.libs -lcurl'
ac_cv_env_LIBEVENT_CFLAGS_set=set
ac_cv_env_LIBEVENT_CFLAGS_value=-I/home/ql_xu/develop/uClinux-dist/lib/libevent/include
ac_cv_env_LIBEVENT_LIBS_set=set
ac_cv_env_LIBEVENT_LIBS_value='-L/home/ql_xu/develop/uClinux-dist/lib/libevent/.libs -levent'
ac_cv_env_LIBS_set=set
ac_cv_env_LIBS_value='-L/home/ql_xu/develop/uClinux-dist/lib/zlib -lz'
ac_cv_env_OPENSSL_CFLAGS_set=set
ac_cv_env_OPENSSL_CFLAGS_value=-I/home/ql_xu/develop/uClinux-dist/lib/libssl/include
ac_cv_env_OPENSSL_LIBS_set=set
ac_cv_env_OPENSSL_LIBS_value='-L/home/ql_xu/develop/uClinux-dist/lib/libssl -lssl -lcrypto'
ac_cv_env_PKG_CONFIG_set=
ac_cv_env_PKG_CONFIG_value=
ac_cv_env_build_alias_set=
ac_cv_env_build_alias_value=
ac_cv_env_host_alias_set=set
ac_cv_env_host_alias_value=mips-linux
ac_cv_env_target_alias_set=
ac_cv_env_target_alias_value=
ac_cv_func_basename=yes
ac_cv_func_daemon=yes
ac_cv_func_dirname=yes
ac_cv_func_fallocate64=no
ac_cv_func_getpagesize=yes
ac_cv_func_htonll=no
ac_cv_func_iconv_open=yes
ac_cv_func_inotify_init=yes
ac_cv_func_localtime_r=yes
ac_cv_func_lrintf=no
ac_cv_func_lseek64=yes
ac_cv_func_memmem=yes
ac_cv_func_mkdtemp=yes
ac_cv_func_ntohll=no
ac_cv_func_posix_fadvise=yes
ac_cv_func_posix_fallocate=yes
ac_cv_func_posix_memalign=yes
ac_cv_func_pread=yes
ac_cv_func_pwrite=yes
ac_cv_func_statvfs=yes
ac_cv_func_strcasecmp=yes
ac_cv_func_strlcpy=yes
ac_cv_func_strsep=yes
ac_cv_func_strtold=yes
ac_cv_func_syslog=yes
ac_cv_func_valloc=yes
ac_cv_have_decl_posix_fadvise=yes
ac_cv_header__tmp_dummy1_zlib_h=yes
ac_cv_header_dlfcn_h=yes
ac_cv_header_inttypes_h=yes
ac_cv_header_libintl_h=no
ac_cv_header_locale_h=yes
ac_cv_header_memory_h=yes
ac_cv_header_stdbool_h=yes
ac_cv_header_stdc=yes
ac_cv_header_stdint_h=yes
ac_cv_header_stdlib_h=yes
ac_cv_header_string_h=yes
ac_cv_header_strings_h=yes
ac_cv_header_sys_event_h=no
ac_cv_header_sys_inotify_h=yes
ac_cv_header_sys_stat_h=yes
ac_cv_header_sys_statvfs_h=yes
ac_cv_header_sys_types_h=yes
ac_cv_header_time=yes
ac_cv_header_unistd_h=yes
ac_cv_header_xfs_xfs_h=no
ac_cv_host=mips-unknown-linux-gnu
ac_cv_lib_rt_clock_gettime=yes
ac_cv_objext=o
ac_cv_path_EGREP='/bin/grep -E'
ac_cv_path_FGREP='/bin/grep -F'
ac_cv_path_GMSGFMT=/usr/bin/msgfmt
ac_cv_path_GREP=/bin/grep
ac_cv_path_INTLTOOL_EXTRACT=/usr/bin/intltool-extract
ac_cv_path_INTLTOOL_MERGE=/usr/bin/intltool-merge
ac_cv_path_INTLTOOL_PERL=/usr/bin/perl
ac_cv_path_INTLTOOL_UPDATE=/usr/bin/intltool-update
ac_cv_path_MSGFMT=/usr/bin/msgfmt
ac_cv_path_MSGMERGE=/usr/bin/msgmerge
ac_cv_path_SED=/bin/sed
ac_cv_path_XGETTEXT=/usr/bin/xgettext
ac_cv_path_ac_pt_PKG_CONFIG=/usr/bin/pkg-config
ac_cv_path_install='/usr/bin/install -c'
ac_cv_path_mkdir=/bin/mkdir
ac_cv_prog_AWK=gawk
ac_cv_prog_CC=/rsdk-4.4.7-5281-EB-2.6.30-0.9.33-m32ut-140520/bin/rsdk-linux-gcc
ac_cv_prog_CPP='/rsdk-4.4.7-5281-EB-2.6.30-0.9.33-m32ut-140520/bin/rsdk-linux-gcc -E'
ac_cv_prog_CXXCPP='/rsdk-4.4.7-5281-EB-2.6.30-0.9.33-m32ut-140520/bin/rsdk-linux-g++ -E'
ac_cv_prog_STRIP=strip
ac_cv_prog_ac_ct_AR=ar
ac_cv_prog_ac_ct_DUMPBIN='link -dump'
ac_cv_prog_ac_ct_MANIFEST_TOOL=mt
ac_cv_prog_ac_ct_OBJDUMP=objdump
ac_cv_prog_ac_ct_RANLIB=ranlib
ac_cv_prog_ac_ct_STRIP=strip
ac_cv_prog_cc_c89=
ac_cv_prog_cc_g=yes
ac_cv_prog_cxx_g=yes
ac_cv_prog_make_make_set=yes
ac_cv_search_cos=-lm
ac_cv_search_gethostbyname='none required'
ac_cv_search_gzopen='none required'
ac_cv_search_socket='none required'
ac_cv_sys_file_offset_bits=64
ac_cv_sys_largefile_CC=no
am_cv_CC_dependencies_compiler_type=gcc3
am_cv_CXX_dependencies_compiler_type=gcc3
am_cv_make_support_nested_variables=yes
am_cv_prog_tar_pax=gnutar
am_cv_val_LC_MESSAGES=yes
gt_cv_have_gettext=no
lt_cv_ar_at_file=@
lt_cv_archive_cmds_need_lc=no
lt_cv_deplibs_check_method=pass_all
lt_cv_file_magic_cmd='$MAGIC_CMD'
lt_cv_file_magic_test_file=
lt_cv_ld_reload_flag=-r
lt_cv_nm_interface='BSD nm'
lt_cv_objdir=.libs
lt_cv_path_LD=/rsdk-4.4.7-5281-EB-2.6.30-0.9.33-m32ut-140520/bin/rsdk-linux-ld
lt_cv_path_LDCXX=/rsdk-4.4.7-5281-EB-2.6.30-0.9.33-m32ut-140520/bin/rsdk-linux-ld
lt_cv_path_NM=no
lt_cv_path_mainfest_tool=no
lt_cv_prog_compiler_c_o=yes
lt_cv_prog_compiler_c_o_CXX=yes
lt_cv_prog_compiler_pic='-fPIC -DPIC'
lt_cv_prog_compiler_pic_CXX='-fPIC -DPIC'
lt_cv_prog_compiler_pic_works=yes
lt_cv_prog_compiler_pic_works_CXX=yes
lt_cv_prog_compiler_rtti_exceptions=no
lt_cv_prog_compiler_static_works=yes
lt_cv_prog_compiler_static_works_CXX=yes
lt_cv_prog_gnu_ld=yes
lt_cv_prog_gnu_ldcxx=yes
lt_cv_sharedlib_from_linklib_cmd='printf %s\n'
lt_cv_shlibpath_overrides_runpath=no
lt_cv_sys_global_symbol_pipe='sed -n -e '\''s/^.*[	 ]\([ABCDGIRSTW][ABCDGIRSTW]*\)[	 ][	 ]*\([_A-Za-z][_A-Za-z0-9]*\)$/\1 \2 \2/p'\'' | sed '\''/ __gnu_lto/d'\'''
lt_cv_sys_global_symbol_to_c_name_address='sed -n -e '\''s/^: \([^ ]*\)[ ]*$/  {\"\1\", (void *) 0},/p'\'' -e '\''s/^[ABCDGIRSTW]* \([^ ]*\) \([^ ]*\)$/  {"\2", (void *) \&\2},/p'\'''
lt_cv_sys_global_symbol_to_c_name_address_lib_prefix='sed -n -e '\''s/^: \([^ ]*\)[ ]*$/  {\"\1\", (void *) 0},/p'\'' -e '\''s/^[ABCDGIRSTW]* \([^ ]*\) \(lib[^ ]*\)$/  {"\2", (void *) \&\2},/p'\'' -e '\''s/^[ABCDGIRSTW]* \([^ ]*\) \([^ ]*\)$/  {"lib\2", (void *) \&\2},/p'\'''
lt_cv_sys_global_symbol_to_cdecl='sed -n -e '\''s/^T .* \(.*\)$/extern int \1();/p'\'' -e '\''s/^[ABCDGIRSTW]* .* \(.*\)$/extern char \1;/p'\'''
lt_cv_sys_max_cmd_len=1572864
lt_cv_to_host_file_cmd=func_convert_file_noop
lt_cv_to_tool_file_cmd=func_convert_file_noop
pkg_cv_LIBCURL_CFLAGS=-I/home/ql_xu/develop/uClinux-dist/user/curl-7.36.0/include
pkg_cv_LIBCURL_LIBS='-L/home/ql_xu/develop/uClinux-dist/user/curl-7.36.0/lib/.libs -lcurl'
pkg_cv_LIBEVENT_CFLAGS=-I/home/ql_xu/develop/uClinux-dist/lib/libevent/include
pkg_cv_LIBEVENT_LIBS='-L/home/ql_xu/develop/uClinux-dist/lib/libevent/.libs -levent'
pkg_cv_OPENSSL_CFLAGS=-I/home/ql_xu/develop/uClinux-dist/lib/libssl/include
pkg_cv_OPENSSL_LIBS='-L/home/ql_xu/develop/uClinux-dist/lib/libssl -lssl -lcrypto'

## ----------------- ##
## Output variables. ##
## ----------------- ##

ACLOCAL='${SHELL} /home/ql_xu/develop/uClinux-dist/user/transmission-2.73/missing --run aclocal-1.11'
ALL_LINGUAS=''
AMDEPBACKSLASH='\'
AMDEP_FALSE='#'
AMDEP_TRUE=''
AMTAR='$${TAR-tar}'
AM_BACKSLASH='\'
AM_DEFAULT_V='$(AM_DEFAULT_VERBOSITY)'
AM_DEFAULT_VERBOSITY='0'
AM_V='$(V)'
AR='ar'
AUTOCONF='${SHELL} /home/ql_xu/develop/uClinux-dist/user/transmission-2.73/missing --run autoconf'
AUTOHEADER='${SHELL} /home/ql_xu/develop/uClinux-dist/user/transmission-2.73/missing --run autoheader'
AUTOMAKE='${SHELL} /home/ql_xu/develop/uClinux-dist/user/transmission-2.73/missing --run automake-1.11'
AWK='gawk'
BUILD_CLI_FALSE='#'
BUILD_CLI_TRUE=''
BUILD_DAEMON_FALSE='#'
BUILD_DAEMON_TRUE=''
BUILD_GTK_FALSE=''
BUILD_GTK_TRUE='#'
BUILD_MAC_FALSE=''
BUILD_MAC_TRUE='#'
BUILD_MINIUPNP_FALSE='#'
BUILD_MINIUPNP_TRUE=''
BUILD_NATPMP_FALSE='#'
BUILD_NATPMP_TRUE=''
BUILD_UTP_FALSE='#'
BUILD_UTP_TRUE=''
CATALOGS=''
CATOBJEXT='NONE'
CC='/rsdk-4.4.7-5281-EB-2.6.30-0.9.33-m32ut-140520/bin/rsdk-linux-gcc'
CCDEPMODE='depmode=gcc3'
CFLAGS='-g -O2 -std=gnu99 -ggdb3 -Wall -W -Wpointer-arith -Wformat-security -Wcast-align -Wundef -Wcast-align -Wstrict-prototypes -Wmissing-declarations -Wmissing-format-attribute -Wredundant-decls -Wnested-externs -Wunused-parameter -Wwrite-strings -Winline -Wfloat-equal -Wextra -Wdeclaration-after-statement -Winit-self -Wvariadic-macros'
CPP='/rsdk-4.4.7-5281-EB-2.6.30-0.9.33-m32ut-140520/bin/rsdk-linux-gcc -E'
CPPFLAGS=' -DNDEBUG'
CURL_MINIMUM='7.15.4'
CXX='/rsdk-4.4.7-5281-EB-2.6.30-0.9.33-m32ut-140520/bin/rsdk-linux-g++'
CXXCPP='/rsdk-4.4.7-5281-EB-2.6.30-0.9.33-m32ut-140520/bin/rsdk-linux-g++ -E'
CXXDEPMODE='depmode=gcc3'
CXXFLAGS='-g -O2'
CYGPATH_W='echo'
DATADIRNAME='lib'
DEFS='-DPACKAGE_NAME=\"transmission\" -DPACKAGE_TARNAME=\"transmission\" -DPACKAGE_VERSION=\"2.73\" -DPACKAGE_STRING=\"transmission\ 2.73\" -DPACKAGE_BUGREPORT=\"http://trac.transmissionbt.com/newticket\" -DPACKAGE_URL=\"\" -DPACKAGE=\"transmission\" -DVERSION=\"2.73\" -DSTDC_HEADERS=1 -DHAVE_SYS_TYPES_H=1 -DHAVE_SYS_STAT_H=1 -DHAVE_STDLIB_H=1 -DHAVE_STRING_H=1 -DHAVE_MEMORY_H=1 -DHAVE_STRINGS_H=1 -DHAVE_INTTYPES_H=1 -DHAVE_STDINT_H=1 -DHAVE_UNISTD_H=1 -DHAVE_DLFCN_H=1 -DLT_OBJDIR=\".libs/\" -DSTDC_HEADERS=1 -DTIME_WITH_SYS_TIME=1 -DHAVE_STDBOOL_H=1 -DHAVE_ICONV_OPEN=1 -DHAVE_PREAD=1 -DHAVE_PWRITE=1 -DHAVE_STRLCPY=1 -DHAVE_DAEMON=1 -DHAVE_DIRNAME=1 -DHAVE_BASENAME=1 -DHAVE_STRCASECMP=1 -DHAVE_LOCALTIME_R=1 -DHAVE_POSIX_FALLOCATE=1 -DHAVE_MEMMEM=1 -DHAVE_STRSEP=1 -DHAVE_STRTOLD=1 -DHAVE_SYSLOG=1 -DHAVE_VALLOC=1 -DHAVE_GETPAGESIZE=1 -DHAVE_POSIX_MEMALIGN=1 -DHAVE_STATVFS=1 -DHAVE_MKDTEMP=1 -DHAVE_PTHREAD=1 -DHAVE__TMP_DUMMY1_ZLIB_H=1 -DHAVE_ZLIB=1 -D_FILE_OFFSET_BITS=64 -DHAVE_LSEEK64=1 -DHAVE_DECL_POSIX_FADVISE=1 -DHAVE_POSIX_FADVISE=1 -DWITH_INOTIFY=1 -DHAVE_SYS_STATVFS_H=1 -DWITH_UTP=1 -DHAVE_MINIUPNP_16=1 -DGETTEXT_PACKAGE=\"transmission-gtk\" -DHAVE_LOCALE_H=1 -DHAVE_LC_MESSAGES=1'
DEPDIR='.deps'
DHT_CFLAGS='-I$(top_srcdir)/third-party/dht'
DHT_LIBS='$(top_builddir)/third-party/dht/libdht.a'
DLLTOOL='false'
DSYMUTIL=''
DUMPBIN=':'
ECHO_C=''
ECHO_N='-n'
ECHO_T=''
EGREP='/bin/grep -E'
EXEEXT=''
FGREP='/bin/grep -F'
GETTEXT_PACKAGE='transmission-gtk'
GIO_MINIMUM='2.26.0'
GLIB_MINIMUM='2.32.0'
GMOFILES=''
GMSGFMT='/usr/bin/msgfmt'
GREP='/bin/grep'
GTK_CFLAGS=''
GTK_LIBS=''
GTK_MINIMUM='3.4.0'
HAVE_CXX='yes'
INSTALL_DATA='${INSTALL} -m 644'
INSTALL_PROGRAM='${INSTALL}'
INSTALL_SCRIPT='${INSTALL}'
INSTALL_STRIP_PROGRAM='$(install_sh) -c -s'
INSTOBJEXT=''
INTLLIBS=''
INTLTOOL_CAVES_RULE='%.caves:     %.caves.in     $(INTLTOOL_MERGE) $(wildcard $(top_srcdir)/po/*.po) ; $(INTLTOOL_V_MERGE)LC_ALL=C $(INTLTOOL_MERGE) $(INTLTOOL_V_MERGE_OPTIONS) -d -u -c $(top_builddir)/po/.intltool-merge-cache $(top_srcdir)/po $< $@'
INTLTOOL_DESKTOP_RULE='%.desktop:   %.desktop.in   $(INTLTOOL_MERGE) $(wildcard $(top_srcdir)/po/*.po) ; $(INTLTOOL_V_MERGE)LC_ALL=C $(INTLTOOL_MERGE) $(INTLTOOL_V_MERGE_OPTIONS) -d -u -c $(top_builddir)/po/.intltool-merge-cache $(top_srcdir)/po $< $@'
INTLTOOL_DIRECTORY_RULE='%.directory: %.directory.in $(INTLTOOL_MERGE) $(wildcard $(top_srcdir)/po/*.po) ; $(INTLTOOL_V_MERGE)LC_ALL=C $(INTLTOOL_MERGE) $(INTLTOOL_V_MERGE_OPTIONS) -d -u -c $(top_builddir)/po/.intltool-merge-cache $(top_srcdir)/po $< $@'
INTLTOOL_EXTRACT='/usr/bin/intltool-extract'
INTLTOOL_KBD_RULE='%.kbd:       %.kbd.in       $(INTLTOOL_MERGE) $(wildcard $(top_srcdir)/po/*.po) ; $(INTLTOOL_V_MERGE)LC_ALL=C $(INTLTOOL_MERGE) $(INTLTOOL_V_MERGE_OPTIONS) -x -u -m -c $(top_builddir)/po/.intltool-merge-cache $(top_srcdir)/po $< $@'
INTLTOOL_KEYS_RULE='%.keys:      %.keys.in      $(INTLTOOL_MERGE) $(wildcard $(top_srcdir)/po/*.po) ; $(INTLTOOL_V_MERGE)LC_ALL=C $(INTLTOOL_MERGE) $(INTLTOOL_V_MERGE_OPTIONS) -k -u -c $(top_builddir)/po/.intltool-merge-cache $(top_srcdir)/po $< $@'
INTLTOOL_MERGE='/usr/bin/intltool-merge'
INTLTOOL_OAF_RULE='%.oaf:       %.oaf.in       $(INTLTOOL_MERGE) $(wildcard $(top_srcdir)/po/*.po) ; $(INTLTOOL_V_MERGE)LC_ALL=C $(INTLTOOL_MERGE) $(INTLTOOL_V_MERGE_OPTIONS) -o -p $(top_srcdir)/po $< $@'
INTLTOOL_PERL='/usr/bin/perl'
INTLTOOL_POLICY_RULE='%.policy:    %.policy.in    $(INTLTOOL_MERGE) $(wildcard $(top_srcdir)/po/*.po) ; $(INTLTOOL_V_MERGE)LC_ALL=C $(INTLTOOL_MERGE) $(INTLTOOL_V_MERGE_OPTIONS) -x -u -c $(top_builddir)/po/.intltool-merge-cache $(top_srcdir)/po $< $@'
INTLTOOL_PONG_RULE='%.pong:      %.pong.in      $(INTLTOOL_MERGE) $(wildcard $(top_srcdir)/po/*.po) ; $(INTLTOOL_V_MERGE)LC_ALL=C $(INTLTOOL_MERGE) $(INTLTOOL_V_MERGE_OPTIONS) -x -u -c $(top_builddir)/po/.intltool-merge-cache $(top_srcdir)/po $< $@'
INTLTOOL_PROP_RULE='%.prop:      %.prop.in      $(INTLTOOL_MERGE) $(wildcard $(top_srcdir)/po/*.po) ; $(INTLTOOL_V_MERGE)LC_ALL=C $(INTLTOOL_MERGE) $(INTLTOOL_V_MERGE_OPTIONS) -d -u -c $(top_builddir)/po/.intltool-merge-cache $(top_srcdir)/po $< $@'
INTLTOOL_SCHEMAS_RULE='%.schemas:   %.schemas.in   $(INTLTOOL_MERGE) $(wildcard $(top_srcdir)/po/*.po) ; $(INTLTOOL_V_MERGE)LC_ALL=C $(INTLTOOL_MERGE) $(INTLTOOL_V_MERGE_OPTIONS) -s -u -c $(top_builddir)/po/.intltool-merge-cache $(top_srcdir)/po $< $@'
INTLTOOL_SERVER_RULE='%.server:    %.server.in    $(INTLTOOL_MERGE) $(wildcard $(top_srcdir)/po/*.po) ; $(INTLTOOL_V_MERGE)LC_ALL=C $(INTLTOOL_MERGE) $(INTLTOOL_V_MERGE_OPTIONS) -o -u -c $(top_builddir)/po/.intltool-merge-cache $(top_srcdir)/po $< $@'
INTLTOOL_SERVICE_RULE='%.service: %.service.in   $(INTLTOOL_MERGE) $(wildcard $(top_srcdir)/po/*.po) ; $(INTLTOOL_V_MERGE)LC_ALL=C $(INTLTOOL_MERGE) $(INTLTOOL_V_MERGE_OPTIONS) -d -u -c $(top_builddir)/po/.intltool-merge-cache $(top_srcdir)/po $< $@'
INTLTOOL_SHEET_RULE='%.sheet:     %.sheet.in     $(INTLTOOL_MERGE) $(wildcard $(top_srcdir)/po/*.po) ; $(INTLTOOL_V_MERGE)LC_ALL=C $(INTLTOOL_MERGE) $(INTLTOOL_V_MERGE_OPTIONS) -x -u -c $(top_builddir)/po/.intltool-merge-cache $(top_srcdir)/po $< $@'
INTLTOOL_SOUNDLIST_RULE='%.soundlist: %.soundlist.in $(INTLTOOL_MERGE) $(wildcard $(top_srcdir)/po/*.po) ; $(INTLTOOL_V_MERGE)LC_ALL=C $(INTLTOOL_MERGE) $(INTLTOOL_V_MERGE_OPTIONS) -d -u -c $(top_builddir)/po/.intltool-merge-cache $(top_srcdir)/po $< $@'
INTLTOOL_THEME_RULE='%.theme:     %.theme.in     $(INTLTOOL_MERGE) $(wildcard $(top_srcdir)/po/*.po) ; $(INTLTOOL_V_MERGE)LC_ALL=C $(INTLTOOL_MERGE) $(INTLTOOL_V_MERGE_OPTIONS) -d -u -c $(top_builddir)/po/.intltool-merge-cache $(top_srcdir)/po $< $@'
INTLTOOL_UI_RULE='%.ui:        %.ui.in        $(INTLTOOL_MERGE) $(wildcard $(top_srcdir)/po/*.po) ; $(INTLTOOL_V_MERGE)LC_ALL=C $(INTLTOOL_MERGE) $(INTLTOOL_V_MERGE_OPTIONS) -x -u -c $(top_builddir)/po/.intltool-merge-cache $(top_srcdir)/po $< $@'
INTLTOOL_UPDATE='/usr/bin/intltool-update'
INTLTOOL_V_MERGE='$(INTLTOOL__v_MERGE_$(V))'
INTLTOOL_V_MERGE_OPTIONS='$(intltool__v_merge_options_$(V))'
INTLTOOL_XAM_RULE='%.xam:       %.xml.in       $(INTLTOOL_MERGE) $(wildcard $(top_srcdir)/po/*.po) ; $(INTLTOOL_V_MERGE)LC_ALL=C $(INTLTOOL_MERGE) $(INTLTOOL_V_MERGE_OPTIONS) -x -u -c $(top_builddir)/po/.intltool-merge-cache $(top_srcdir)/po $< $@'
INTLTOOL_XML_NOMERGE_RULE='%.xml:       %.xml.in       $(INTLTOOL_MERGE) ; $(INTLTOOL_V_MERGE)_it_tmp_dir=tmp.intltool.$$RANDOM && mkdir $$_it_tmp_dir && LC_ALL=C $(INTLTOOL_MERGE) $(INTLTOOL_V_MERGE_OPTIONS) -x -u $$_it_tmp_dir $< $@ && rmdir $$_it_tmp_dir'
INTLTOOL_XML_RULE='%.xml:       %.xml.in       $(INTLTOOL_MERGE) $(wildcard $(top_srcdir)/po/*.po) ; $(INTLTOOL_V_MERGE)LC_ALL=C $(INTLTOOL_MERGE) $(INTLTOOL_V_MERGE_OPTIONS) -x -u -c $(top_builddir)/po/.intltool-merge-cache $(top_srcdir)/po $< $@'
INTLTOOL__v_MERGE_0='@echo "  ITMRG " $@;'
INTLTOOL__v_MERGE_='$(INTLTOOL__v_MERGE_$(AM_DEFAULT_VERBOSITY))'
LD='/rsdk-4.4.7-5281-EB-2.6.30-0.9.33-m32ut-140520/bin/rsdk-linux-ld'
LDFLAGS=''
LIBAPPINDICATOR_CFLAGS=''
LIBAPPINDICATOR_LIBS=''
LIBAPPINDICATOR_MINIMUM='0.4.90'
LIBCURL_CFLAGS='-I/home/ql_xu/develop/uClinux-dist/user/curl-7.36.0/include'
LIBCURL_LIBS='-L/home/ql_xu/develop/uClinux-dist/user/curl-7.36.0/lib/.libs -lcurl'
LIBEVENT_CFLAGS='-I/home/ql_xu/develop/uClinux-dist/lib/libevent/include'
LIBEVENT_LIBS='-L/home/ql_xu/develop/uClinux-dist/lib/libevent/.libs -levent'
LIBEVENT_MINIUM=''
LIBNATPMP_CFLAGS='-I$(top_srcdir)/third-party/libnatpmp/'
LIBNATPMP_LIBS='$(top_builddir)/third-party/libnatpmp/libnatpmp.a'
LIBNATPMP_LIBS_QT='$${TRANSMISSION_TOP}/third-party/libnatpmp/libnatpmp.a'
LIBOBJS=''
LIBS='-lm -L/home/ql_xu/develop/uClinux-dist/lib/zlib -lz'
LIBTOOL='$(SHELL) $(top_builddir)/libtool'
LIBUPNP_CFLAGS='-I$(top_srcdir)/third-party/'
LIBUPNP_LIBS='$(top_builddir)/third-party/miniupnp/libminiupnp.a'
LIBUPNP_LIBS_QT='$${TRANSMISSION_TOP}/third-party/miniupnp/libminiupnp.a'
LIBUTP_CFLAGS='-I$(top_srcdir)/third-party/'
LIBUTP_LIBS='$(top_builddir)/third-party/libutp/libutp.a -lrt'
LIBUTP_LIBS_QT='$${TRANSMISSION_TOP}/third-party/libutp/libutp.a -lrt'
LIPO=''
LN_S='ln -s'
LTLIBOBJS=''
MAKEINFO='${SHELL} /home/ql_xu/develop/uClinux-dist/user/transmission-2.73/missing --run makeinfo'
MANIFEST_TOOL=':'
MKDIR_P='/bin/mkdir -p'
MKINSTALLDIRS='./mkinstalldirs'
MSGFMT='/usr/bin/msgfmt'
MSGMERGE='/usr/bin/msgmerge'
NM='nm'
NMEDIT=''
OBJDUMP='objdump'
OBJEXT='o'
OPENSSL_CFLAGS='-I/home/ql_xu/develop/uClinux-dist/lib/libssl/include'
OPENSSL_LIBS='-L/home/ql_xu/develop/uClinux-dist/lib/libssl -lssl -lcrypto'
OPENSSL_MINIMUM='0.9.4'
OTOOL64=''
OTOOL=''
PACKAGE='transmission'
PACKAGE_BUGREPORT='http://trac.transmissionbt.com/newticket'
PACKAGE_NAME='transmission'
PACKAGE_STRING='transmission 2.73'
PACKAGE_TARNAME='transmission'
PACKAGE_URL=''
PACKAGE_VERSION='2.73'
PATH_SEPARATOR=':'
PEERID_PREFIX='-TR2730-'
PKG_CONFIG='/usr/bin/pkg-config'
POFILES=''
POSUB='po'
PO_IN_DATADIR_FALSE=''
PO_IN_DATADIR_TRUE=''
PTHREAD_CC='/rsdk-4.4.7-5281-EB-2.6.30-0.9.33-m32ut-140520/bin/rsdk-linux-gcc'
PTHREAD_CFLAGS='-pthread'
PTHREAD_LIBS=''
RANLIB='ranlib'
SED='/bin/sed'
SET_MAKE=''
SHELL='/bin/sh'
STRIP='strip'
TR_UNSTABLE_FALSE=''
TR_UNSTABLE_TRUE='#'
USERAGENT_PREFIX='2.73'
USE_NLS='yes'
VERSION='2.73'
WIN32_FALSE=''
WIN32_TRUE='#'
WINDRES=''
XGETTEXT=':'
ZLIB_CFLAGS=' -I/home/ql_xu/develop/uClinux-dist/lib/zlib/'
ZLIB_LDFLAGS=''
ZLIB_LIBS='-lm -L/home/ql_xu/develop/uClinux-dist/lib/zlib -lz'
ac_ct_AR='ar'
ac_ct_CC=''
ac_ct_CXX=''
ac_ct_DUMPBIN='link -dump'
acx_pthread_config=''
am__EXEEXT_FALSE=''
am__EXEEXT_TRUE='#'
am__fastdepCC_FALSE='#'
am__fastdepCC_TRUE=''
am__fastdepCXX_FALSE='#'
am__fastdepCXX_TRUE=''
am__include='include'
am__isrc=''
am__leading_dot='.'
am__nodep='_no'
am__quote=''
am__tar='tar --format=posix -chf - "$$tardir"'
am__untar='tar -xf -'
bindir='${exec_prefix}/bin'
build='i686-pc-linux-gnu'
build_alias=''
build_cpu='i686'
build_os='linux-gnu'
build_vendor='pc'
datadir='${datarootdir}'
datarootdir='${prefix}/share'
docdir='${datarootdir}/doc/${PACKAGE_TARNAME}'
dvidir='${docdir}'
exec_prefix='${prefix}'
host='mips-unknown-linux-gnu'
host_alias='mips-linux'
host_cpu='mips'
host_os='linux-gnu'
host_vendor='unknown'
htmldir='${docdir}'
includedir='${prefix}/include'
infodir='${datarootdir}/info'
install_sh='${SHELL} /home/ql_xu/develop/uClinux-dist/user/transmission-2.73/install-sh'
intltool__v_merge_options_0='-q'
intltool__v_merge_options_='$(intltool__v_merge_options_$(AM_DEFAULT_VERBOSITY))'
libdir='${exec_prefix}/lib'
libexecdir='${exec_prefix}/libexec'
localedir='${datarootdir}/locale'
localstatedir='${prefix}/var'
mandir='${datarootdir}/man'
mkdir_p='/bin/mkdir -p'
oldincludedir='/usr/include'
pdfdir='${docdir}'
prefix='/usr/local'
program_transform_name='s,x,x,'
psdir='${docdir}'
sbindir='${exec_prefix}/sbin'
sharedstatedir='${prefix}/com'
sysconfdir='${prefix}/etc'
target_alias=''
transmissionlocaledir='${prefix}/${DATADIRNAME}/locale'

## ----------- ##
## confdefs.h. ##
## ----------- ##

/* confdefs.h */
#define PACKAGE_NAME "transmission"
#define PACKAGE_TARNAME "transmission"
#define PACKAGE_VERSION "2.73"
#define PACKAGE_STRING "transmission 2.73"
#define PACKAGE_BUGREPORT "http://trac.transmissionbt.com/newticket"
#define PACKAGE_URL ""
#define PACKAGE "transmission"
#define VERSION "2.73"
#define STDC_HEADERS 1
#define HAVE_SYS_TYPES_H 1
#define HAVE_SYS_STAT_H 1
#define HAVE_STDLIB_H 1
#define HAVE_STRING_H 1
#define HAVE_MEMORY_H 1
#define HAVE_STRINGS_H 1
#define HAVE_INTTYPES_H 1
#define HAVE_STDINT_H 1
#define HAVE_UNISTD_H 1
#define HAVE_DLFCN_H 1
#define LT_OBJDIR ".libs/"
#define STDC_HEADERS 1
#define TIME_WITH_SYS_TIME 1
#define HAVE_STDBOOL_H 1
#define HAVE_ICONV_OPEN 1
#define HAVE_PREAD 1
#define HAVE_PWRITE 1
#define HAVE_STRLCPY 1
#define HAVE_DAEMON 1
#define HAVE_DIRNAME 1
#define HAVE_BASENAME 1
#define HAVE_STRCASECMP 1
#define HAVE_LOCALTIME_R 1
#define HAVE_POSIX_FALLOCATE 1
#define HAVE_MEMMEM 1
#define HAVE_STRSEP 1
#define HAVE_STRTOLD 1
#define HAVE_SYSLOG 1
#define HAVE_VALLOC 1
#define HAVE_GETPAGESIZE 1
#define HAVE_POSIX_MEMALIGN 1
#define HAVE_STATVFS 1
#define HAVE_MKDTEMP 1
#define HAVE_PTHREAD 1
#define HAVE__TMP_DUMMY1_ZLIB_H 1
#define HAVE_ZLIB 1
#define _FILE_OFFSET_BITS 64
#define HAVE_LSEEK64 1
#define HAVE_DECL_POSIX_FADVISE 1
#define HAVE_POSIX_FADVISE 1
#define WITH_INOTIFY 1
#define HAVE_SYS_STATVFS_H 1
#define WITH_UTP 1
#define HAVE_MINIUPNP_16 1
#define GETTEXT_PACKAGE "transmission-gtk"
#define HAVE_LOCALE_H 1
#define HAVE_LC_MESSAGES 1

configure: exit 0
